#-----------------------------------------------------------
# Vivado v2025.2 (64-bit)
# SW Build 6299465 on Fri Nov 14 19:35:11 GMT 2025
# IP Build 6300035 on Fri Nov 14 10:48:45 MST 2025
# SharedData Build 6298862 on Thu Nov 13 04:50:51 MST 2025
# Start of session at: Thu Jan 15 17:35:05 2026
# Process ID         : 22020
# Current directory  : C:/Users/wands/Documents/Build18/Cora-Z7-07S-Pmod-I2S2-2018.2-1/vivado_proj
# Command line       : vivado.exe -gui_launcher_event rodinguilauncherevent18744 C:\Users\wands\Documents\Build18\Cora-Z7-07S-Pmod-I2S2-2018.2-1\vivado_proj\Pmod-I2S2-Cora-Z7-07S.xpr
# Log file           : C:/Users/wands/Documents/Build18/Cora-Z7-07S-Pmod-I2S2-2018.2-1/vivado_proj/vivado.log
# Journal file       : C:/Users/wands/Documents/Build18/Cora-Z7-07S-Pmod-I2S2-2018.2-1/vivado_proj\vivado.jou
# Running On         : volatile_knight
# Platform           : Windows Server 2016 or Windows 10
# Operating System   : 26100
# Processor Detail   : 13th Gen Intel(R) Core(TM) i7-1355U
# CPU Frequency      : 2611 MHz
# CPU Physical cores : 10
# CPU Logical cores  : 12
# Host memory        : 16876 MB
# Swap memory        : 4026 MB
# Total Virtual      : 20903 MB
# Available Virtual  : 4764 MB
#-----------------------------------------------------------
start_gui
open_project C:/Users/wands/Documents/Build18/Cora-Z7-07S-Pmod-I2S2-2018.2-1/vivado_proj/Pmod-I2S2-Cora-Z7-07S.xpr
WARNING: [Board 49-26] cannot add Board Part xilinx.com:ac701:part0:1.4 available at C:/AMDDesignTools/2025.2/data/xhub/boards\XilinxBoardStore\boards\Xilinx\ac701\1.4\board.xml as part xc7a200tfbg676-2 specified in board_part file is either invalid or not available
WARNING: [Board 49-26] cannot add Board Part xilinx.com:emb-plus-vpr-4616:part0:1.0 available at C:/AMDDesignTools/2025.2/data/xhub/boards\XilinxBoardStore\boards\Xilinx\emb-plus-vpr-4616\1.0\board.xml as part xcve2302-sfva784-2mp-e-s specified in board_part file is either invalid or not available
WARNING: [Board 49-26] cannot add Board Part xilinx.com:emb-plus-vpr-4616:part0:1.1 available at C:/AMDDesignTools/2025.2/data/xhub/boards\XilinxBoardStore\boards\Xilinx\emb-plus-vpr-4616\1.1\board.xml as part xcve2302-sfva784-2mp-e-s specified in board_part file is either invalid or not available
WARNING: [Board 49-26] cannot add Board Part xilinx.com:k24c:part0:1.0 available at C:/AMDDesignTools/2025.2/data/xhub/boards\XilinxBoardStore\boards\Xilinx\k24c\1.0\board.xml as part xck24-ubva530-2lv-c specified in board_part file is either invalid or not available
WARNING: [Board 49-26] cannot add Board Part xilinx.com:k24c:part0:1.1 available at C:/AMDDesignTools/2025.2/data/xhub/boards\XilinxBoardStore\boards\Xilinx\k24c\1.1\board.xml as part xck24-ubva530-2lv-c specified in board_part file is either invalid or not available
WARNING: [Board 49-26] cannot add Board Part xilinx.com:k24i:part0:1.0 available at C:/AMDDesignTools/2025.2/data/xhub/boards\XilinxBoardStore\boards\Xilinx\k24i\1.0\board.xml as part xck24-ubva530-2lvi-i specified in board_part file is either invalid or not available
WARNING: [Board 49-26] cannot add Board Part xilinx.com:k26c:part0:1.2 available at C:/AMDDesignTools/2025.2/data/xhub/boards\XilinxBoardStore\boards\Xilinx\k26c\1.2\board.xml as part xck26-sfvc784-2lv-c specified in board_part file is either invalid or not available
WARNING: [Board 49-26] cannot add Board Part xilinx.com:k26c:part0:1.3 available at C:/AMDDesignTools/2025.2/data/xhub/boards\XilinxBoardStore\boards\Xilinx\k26c\1.3\board.xml as part xck26-sfvc784-2lv-c specified in board_part file is either invalid or not available
WARNING: [Board 49-26] cannot add Board Part xilinx.com:k26c:part0:1.4 available at C:/AMDDesignTools/2025.2/data/xhub/boards\XilinxBoardStore\boards\Xilinx\k26c\1.4\board.xml as part xck26-sfvc784-2lv-c specified in board_part file is either invalid or not available
WARNING: [Board 49-26] cannot add Board Part xilinx.com:k26i:part0:1.2 available at C:/AMDDesignTools/2025.2/data/xhub/boards\XilinxBoardStore\boards\Xilinx\k26i\1.2\board.xml as part xck26-sfvc784-2lvi-i specified in board_part file is either invalid or not available
WARNING: [Board 49-26] cannot add Board Part xilinx.com:k26i:part0:1.3 available at C:/AMDDesignTools/2025.2/data/xhub/boards\XilinxBoardStore\boards\Xilinx\k26i\1.3\board.xml as part xck26-sfvc784-2lvi-i specified in board_part file is either invalid or not available
WARNING: [Board 49-26] cannot add Board Part xilinx.com:k26i:part0:1.4 available at C:/AMDDesignTools/2025.2/data/xhub/boards\XilinxBoardStore\boards\Xilinx\k26i\1.4\board.xml as part xck26-sfvc784-2lvi-i specified in board_part file is either invalid or not available
WARNING: [Board 49-26] cannot add Board Part xilinx.com:kc705:part0:1.6 available at C:/AMDDesignTools/2025.2/data/xhub/boards\XilinxBoardStore\boards\Xilinx\kc705\1.6\board.xml as part xc7k325tffg900-2 specified in board_part file is either invalid or not available
WARNING: [Board 49-26] cannot add Board Part xilinx.com:kc705:part0:1.7 available at C:/AMDDesignTools/2025.2/data/xhub/boards\XilinxBoardStore\boards\Xilinx\kc705\1.7\board.xml as part xc7k325tffg900-2 specified in board_part file is either invalid or not available
WARNING: [Board 49-26] cannot add Board Part xilinx.com:kcu105:part0:1.6 available at C:/AMDDesignTools/2025.2/data/xhub/boards\XilinxBoardStore\boards\Xilinx\kcu105\1.6\board.xml as part xcku040-ffva1156-2-e specified in board_part file is either invalid or not available
WARNING: [Board 49-26] cannot add Board Part xilinx.com:kcu105:part0:1.7 available at C:/AMDDesignTools/2025.2/data/xhub/boards\XilinxBoardStore\boards\Xilinx\kcu105\1.7\board.xml as part xcku040-ffva1156-2-e specified in board_part file is either invalid or not available
WARNING: [Board 49-26] cannot add Board Part xilinx.com:kcu116:part0:1.4 available at C:/AMDDesignTools/2025.2/data/xhub/boards\XilinxBoardStore\boards\Xilinx\kcu116\1.4\board.xml as part xcku5p-ffvb676-2-e specified in board_part file is either invalid or not available
WARNING: [Board 49-26] cannot add Board Part xilinx.com:kcu116:part0:1.5 available at C:/AMDDesignTools/2025.2/data/xhub/boards\XilinxBoardStore\boards\Xilinx\kcu116\1.5\board.xml as part xcku5p-ffvb676-2-e specified in board_part file is either invalid or not available
WARNING: [Board 49-26] cannot add Board Part xilinx.com:kcu1500:part0:1.2 available at C:/AMDDesignTools/2025.2/data/xhub/boards\XilinxBoardStore\boards\Xilinx\kcu1500\1.2\board.xml as part xcku115-flvb2104-2-e specified in board_part file is either invalid or not available
WARNING: [Board 49-26] cannot add Board Part xilinx.com:kd240_som:part0:1.0 available at C:/AMDDesignTools/2025.2/data/xhub/boards\XilinxBoardStore\boards\Xilinx\kd240_som\1.0\board.xml as part xck24-ubva530-2lv-c specified in board_part file is either invalid or not available
WARNING: [Board 49-26] cannot add Board Part xilinx.com:kd240_som:part0:1.1 available at C:/AMDDesignTools/2025.2/data/xhub/boards\XilinxBoardStore\boards\Xilinx\kd240_som\1.1\board.xml as part xck24-ubva530-2lv-c specified in board_part file is either invalid or not available
WARNING: [Board 49-26] cannot add Board Part xilinx.com:kr260_som:part0:1.0 available at C:/AMDDesignTools/2025.2/data/xhub/boards\XilinxBoardStore\boards\Xilinx\kr260_som\1.0\board.xml as part xck26-sfvc784-2lv-c specified in board_part file is either invalid or not available
WARNING: [Board 49-26] cannot add Board Part xilinx.com:kr260_som:part0:1.1 available at C:/AMDDesignTools/2025.2/data/xhub/boards\XilinxBoardStore\boards\Xilinx\kr260_som\1.1\board.xml as part xck26-sfvc784-2lv-c specified in board_part file is either invalid or not available
WARNING: [Board 49-26] cannot add Board Part xilinx.com:kv260_som:part0:1.2 available at C:/AMDDesignTools/2025.2/data/xhub/boards\XilinxBoardStore\boards\Xilinx\kv260_som\1.2\board.xml as part xck26-sfvc784-2lv-c specified in board_part file is either invalid or not available
WARNING: [Board 49-26] cannot add Board Part xilinx.com:kv260_som:part0:1.3 available at C:/AMDDesignTools/2025.2/data/xhub/boards\XilinxBoardStore\boards\Xilinx\kv260_som\1.3\board.xml as part xck26-sfvc784-2lv-c specified in board_part file is either invalid or not available
WARNING: [Board 49-26] cannot add Board Part xilinx.com:kv260_som:part0:1.4 available at C:/AMDDesignTools/2025.2/data/xhub/boards\XilinxBoardStore\boards\Xilinx\kv260_som\1.4\board.xml as part xck26-sfvc784-2lv-c specified in board_part file is either invalid or not available
WARNING: [Board 49-26] cannot add Board Part xilinx.com:scu35:part0:1.0 available at C:/AMDDesignTools/2025.2/data/xhub/boards\XilinxBoardStore\boards\Xilinx\scu35\1.0\board.xml as part xcsu35p-sbvb625-2-e specified in board_part file is either invalid or not available
WARNING: [Board 49-26] cannot add Board Part xilinx.com:sp701:part0:1.0 available at C:/AMDDesignTools/2025.2/data/xhub/boards\XilinxBoardStore\boards\Xilinx\sp701\1.0\board.xml as part xc7s100fgga676-2 specified in board_part file is either invalid or not available
WARNING: [Board 49-26] cannot add Board Part xilinx.com:sp701:part0:1.1 available at C:/AMDDesignTools/2025.2/data/xhub/boards\XilinxBoardStore\boards\Xilinx\sp701\1.1\board.xml as part xc7s100fgga676-2 specified in board_part file is either invalid or not available
WARNING: [Board 49-26] cannot add Board Part xilinx.com:v80:part0:1.0 available at C:/AMDDesignTools/2025.2/data/xhub/boards\XilinxBoardStore\boards\Xilinx\v80\1.0\board.xml as part xcv80-lsva4737-2mhp-e-s specified in board_part file is either invalid or not available
WARNING: [Board 49-26] cannot add Board Part xilinx.com:vc707:part0:1.4 available at C:/AMDDesignTools/2025.2/data/xhub/boards\XilinxBoardStore\boards\Xilinx\vc707\1.4\board.xml as part xc7vx485tffg1761-2 specified in board_part file is either invalid or not available
WARNING: [Board 49-26] cannot add Board Part xilinx.com:vc707:part0:1.5 available at C:/AMDDesignTools/2025.2/data/xhub/boards\XilinxBoardStore\boards\Xilinx\vc707\1.5\board.xml as part xc7vx485tffg1761-2 specified in board_part file is either invalid or not available
WARNING: [Board 49-26] cannot add Board Part xilinx.com:vc709:part0:1.8 available at C:/AMDDesignTools/2025.2/data/xhub/boards\XilinxBoardStore\boards\Xilinx\vc709\1.8\board.xml as part xc7vx690tffg1761-2 specified in board_part file is either invalid or not available
WARNING: [Board 49-26] cannot add Board Part xilinx.com:vck190:part0:2.2 available at C:/AMDDesignTools/2025.2/data/xhub/boards\XilinxBoardStore\boards\Xilinx\vck190\production\2.2\board.xml as part xcvc1902-vsva2197-2mp-e-s specified in board_part file is either invalid or not available
WARNING: [Board 49-26] cannot add Board Part xilinx.com:vck190:part0:3.0 available at C:/AMDDesignTools/2025.2/data/xhub/boards\XilinxBoardStore\boards\Xilinx\vck190\production\3.0\board.xml as part xcvc1902-vsva2197-2mp-e-s specified in board_part file is either invalid or not available
WARNING: [Board 49-26] cannot add Board Part xilinx.com:vck190:part0:3.1 available at C:/AMDDesignTools/2025.2/data/xhub/boards\XilinxBoardStore\boards\Xilinx\vck190\production\3.1\board.xml as part xcvc1902-vsva2197-2mp-e-s specified in board_part file is either invalid or not available
WARNING: [Board 49-26] cannot add Board Part xilinx.com:vck190:part0:3.2 available at C:/AMDDesignTools/2025.2/data/xhub/boards\XilinxBoardStore\boards\Xilinx\vck190\production\3.2\board.xml as part xcvc1902-vsva2197-2mp-e-s specified in board_part file is either invalid or not available
WARNING: [Board 49-26] cannot add Board Part xilinx.com:vck190:part0:3.3 available at C:/AMDDesignTools/2025.2/data/xhub/boards\XilinxBoardStore\boards\Xilinx\vck190\production\3.3\board.xml as part xcvc1902-vsva2197-2mp-e-s specified in board_part file is either invalid or not available
WARNING: [Board 49-26] cannot add Board Part xilinx.com:vck190:part0:3.4 available at C:/AMDDesignTools/2025.2/data/xhub/boards\XilinxBoardStore\boards\Xilinx\vck190\production\3.4\board.xml as part xcvc1902-vsva2197-2mp-e-s specified in board_part file is either invalid or not available
WARNING: [Board 49-26] cannot add Board Part xilinx.com:vck190_newl:part0:1.0 available at C:/AMDDesignTools/2025.2/data/xhub/boards\XilinxBoardStore\boards\Xilinx\vck190_newl\production\1.0\board.xml as part xcvc1902-vsva2197-2mp-e-s specified in board_part file is either invalid or not available
WARNING: [Board 49-26] cannot add Board Part xilinx.com:vck190_newl:part0:1.1 available at C:/AMDDesignTools/2025.2/data/xhub/boards\XilinxBoardStore\boards\Xilinx\vck190_newl\production\1.1\board.xml as part xcvc1902-vsva2197-2mp-e-s specified in board_part file is either invalid or not available
WARNING: [Board 49-26] cannot add Board Part xilinx.com:vck190_newl:part0:1.2 available at C:/AMDDesignTools/2025.2/data/xhub/boards\XilinxBoardStore\boards\Xilinx\vck190_newl\production\1.2\board.xml as part xcvc1902-vsva2197-2mp-e-s specified in board_part file is either invalid or not available
WARNING: [Board 49-26] cannot add Board Part xilinx.com:vck190_newl:part0:1.3 available at C:/AMDDesignTools/2025.2/data/xhub/boards\XilinxBoardStore\boards\Xilinx\vck190_newl\production\1.3\board.xml as part xcvc1902-vsva2197-2mp-e-s specified in board_part file is either invalid or not available
WARNING: [Board 49-26] cannot add Board Part xilinx.com:vcu108:part0:1.6 available at C:/AMDDesignTools/2025.2/data/xhub/boards\XilinxBoardStore\boards\Xilinx\vcu108\1.6\board.xml as part xcvu095-ffva2104-2-e specified in board_part file is either invalid or not available
WARNING: [Board 49-26] cannot add Board Part xilinx.com:vcu108:part0:1.7 available at C:/AMDDesignTools/2025.2/data/xhub/boards\XilinxBoardStore\boards\Xilinx\vcu108\1.7\board.xml as part xcvu095-ffva2104-2-e specified in board_part file is either invalid or not available
WARNING: [Board 49-26] cannot add Board Part xilinx.com:vcu110:part0:1.4 available at C:/AMDDesignTools/2025.2/data/xhub/boards\XilinxBoardStore\boards\Xilinx\vcu110\1.4\board.xml as part xcvu190-flgc2104-2-e specified in board_part file is either invalid or not available
WARNING: [Board 49-26] cannot add Board Part xilinx.com:vcu118:part0:2.0 available at C:/AMDDesignTools/2025.2/data/xhub/boards\XilinxBoardStore\boards\Xilinx\vcu118\2.0\board.xml as part xcvu9p-flga2104-2l-e specified in board_part file is either invalid or not available
WARNING: [Board 49-26] cannot add Board Part xilinx.com:vcu118:part0:2.3 available at C:/AMDDesignTools/2025.2/data/xhub/boards\XilinxBoardStore\boards\Xilinx\vcu118\2.3\board.xml as part xcvu9p-flga2104-2l-e specified in board_part file is either invalid or not available
WARNING: [Board 49-26] cannot add Board Part xilinx.com:vcu118:part0:2.4 available at C:/AMDDesignTools/2025.2/data/xhub/boards\XilinxBoardStore\boards\Xilinx\vcu118\2.4\board.xml as part xcvu9p-flga2104-2l-e specified in board_part file is either invalid or not available
WARNING: [Board 49-26] cannot add Board Part xilinx.com:vcu128:part0:1.0 available at C:/AMDDesignTools/2025.2/data/xhub/boards\XilinxBoardStore\boards\Xilinx\vcu128\production\1.0\board.xml as part xcvu37p-fsvh2892-2l-e specified in board_part file is either invalid or not available
WARNING: [Board 49-26] cannot add Board Part xilinx.com:vcu129:part0:1.0 available at C:/AMDDesignTools/2025.2/data/xhub/boards\XilinxBoardStore\boards\Xilinx\vcu129\production\1.0\board.xml as part xcvu29p-fsga2577-2l-e specified in board_part file is either invalid or not available
WARNING: [Board 49-26] cannot add Board Part xilinx.com:vcu1525:part0:1.3 available at C:/AMDDesignTools/2025.2/data/xhub/boards\XilinxBoardStore\boards\Xilinx\vcu1525\1.3\board.xml as part xcvu9p-fsgd2104-2l-e specified in board_part file is either invalid or not available
WARNING: [Board 49-26] cannot add Board Part xilinx.com:vek280:part0:1.0 available at C:/AMDDesignTools/2025.2/data/xhub/boards\XilinxBoardStore\boards\Xilinx\vek280\production\1.0\board.xml as part xcve2802-vsvh1760-2mp-e-s specified in board_part file is either invalid or not available
WARNING: [Board 49-26] cannot add Board Part xilinx.com:vek280:part0:1.1 available at C:/AMDDesignTools/2025.2/data/xhub/boards\XilinxBoardStore\boards\Xilinx\vek280\production\1.1\board.xml as part xcve2802-vsvh1760-2mp-e-s specified in board_part file is either invalid or not available
WARNING: [Board 49-26] cannot add Board Part xilinx.com:vek280:part0:1.2 available at C:/AMDDesignTools/2025.2/data/xhub/boards\XilinxBoardStore\boards\Xilinx\vek280\production\1.2\board.xml as part xcve2802-vsvh1760-2mp-e-s specified in board_part file is either invalid or not available
WARNING: [Board 49-26] cannot add Board Part xilinx.com:vek385:part0:1.0 available at C:/AMDDesignTools/2025.2/data/xhub/boards\XilinxBoardStore\boards\Xilinx\vek385\1.0\board.xml as part xc2ve3858-ssva2112-2mp-e-s specified in board_part file is either invalid or not available
WARNING: [Board 49-26] cannot add Board Part xilinx.com:vek385:part0:1.1 available at C:/AMDDesignTools/2025.2/data/xhub/boards\XilinxBoardStore\boards\Xilinx\vek385\1.1\board.xml as part xc2ve3858-ssva2112-2mp-e-s specified in board_part file is either invalid or not available
WARNING: [Board 49-26] cannot add Board Part xilinx.com:vek385_1:part0:1.0 available at C:/AMDDesignTools/2025.2/data/xhub/boards\XilinxBoardStore\boards\Xilinx\vek385_2\1.0\board.xml as part xc2ve3858-ssva2112-2mp-e-s specified in board_part file is either invalid or not available
WARNING: [Board 49-26] cannot add Board Part xilinx.com:vermeo_t1_mpsoc:part0:1.0 available at C:/AMDDesignTools/2025.2/data/xhub/boards\XilinxBoardStore\boards\Xilinx\vermeo_t1_mpsoc\1.0\board.xml as part xczu19eg-ffvd1760-2l-e specified in board_part file is either invalid or not available
WARNING: [Board 49-26] cannot add Board Part xilinx.com:vermeo_t1_rfsoc:part0:1.0 available at C:/AMDDesignTools/2025.2/data/xhub/boards\XilinxBoardStore\boards\Xilinx\vermeo_t1_rfsoc\1.0\board.xml as part xczu21dr-ffvd1156-2l-e specified in board_part file is either invalid or not available
WARNING: [Board 49-26] cannot add Board Part xilinx.com:vhk158:part0:1.0 available at C:/AMDDesignTools/2025.2/data/xhub/boards\XilinxBoardStore\boards\Xilinx\vhk158\production\1.0\board.xml as part xcvh1582-vsva3697-2mp-e-s specified in board_part file is either invalid or not available
WARNING: [Board 49-26] cannot add Board Part xilinx.com:vhk158:part0:1.1 available at C:/AMDDesignTools/2025.2/data/xhub/boards\XilinxBoardStore\boards\Xilinx\vhk158\production\1.1\board.xml as part xcvh1582-vsva3697-2mp-e-s specified in board_part file is either invalid or not available
WARNING: [Board 49-26] cannot add Board Part xilinx.com:vhk158:part0:1.2 available at C:/AMDDesignTools/2025.2/data/xhub/boards\XilinxBoardStore\boards\Xilinx\vhk158\production\1.2\board.xml as part xcvh1582-vsva3697-2mp-e-s specified in board_part file is either invalid or not available
WARNING: [Board 49-26] cannot add Board Part xilinx.com:vmk180:part0:2.2 available at C:/AMDDesignTools/2025.2/data/xhub/boards\XilinxBoardStore\boards\Xilinx\vmk180\production\2.2\board.xml as part xcvm1802-vsva2197-2mp-e-s specified in board_part file is either invalid or not available
WARNING: [Board 49-26] cannot add Board Part xilinx.com:vmk180:part0:3.0 available at C:/AMDDesignTools/2025.2/data/xhub/boards\XilinxBoardStore\boards\Xilinx\vmk180\production\3.0\board.xml as part xcvm1802-vsva2197-2mp-e-s specified in board_part file is either invalid or not available
WARNING: [Board 49-26] cannot add Board Part xilinx.com:vmk180:part0:3.1 available at C:/AMDDesignTools/2025.2/data/xhub/boards\XilinxBoardStore\boards\Xilinx\vmk180\production\3.1\board.xml as part xcvm1802-vsva2197-2mp-e-s specified in board_part file is either invalid or not available
WARNING: [Board 49-26] cannot add Board Part xilinx.com:vmk180:part0:3.2 available at C:/AMDDesignTools/2025.2/data/xhub/boards\XilinxBoardStore\boards\Xilinx\vmk180\production\3.2\board.xml as part xcvm1802-vsva2197-2mp-e-s specified in board_part file is either invalid or not available
WARNING: [Board 49-26] cannot add Board Part xilinx.com:vmk180:part0:3.3 available at C:/AMDDesignTools/2025.2/data/xhub/boards\XilinxBoardStore\boards\Xilinx\vmk180\production\3.3\board.xml as part xcvm1802-vsva2197-2mp-e-s specified in board_part file is either invalid or not available
WARNING: [Board 49-26] cannot add Board Part xilinx.com:vmk180_newl:part0:1.0 available at C:/AMDDesignTools/2025.2/data/xhub/boards\XilinxBoardStore\boards\Xilinx\vmk180_newl\production\1.0\board.xml as part xcvm1802-vsva2197-2mp-e-s specified in board_part file is either invalid or not available
WARNING: [Board 49-26] cannot add Board Part xilinx.com:vmk180_newl:part0:1.1 available at C:/AMDDesignTools/2025.2/data/xhub/boards\XilinxBoardStore\boards\Xilinx\vmk180_newl\production\1.1\board.xml as part xcvm1802-vsva2197-2mp-e-s specified in board_part file is either invalid or not available
WARNING: [Board 49-26] cannot add Board Part xilinx.com:vpk120:part0:1.0 available at C:/AMDDesignTools/2025.2/data/xhub/boards\XilinxBoardStore\boards\Xilinx\vpk120\production\1.0\board.xml as part xcvp1202-vsva2785-2mp-e-s specified in board_part file is either invalid or not available
WARNING: [Board 49-26] cannot add Board Part xilinx.com:vpk120:part0:1.1 available at C:/AMDDesignTools/2025.2/data/xhub/boards\XilinxBoardStore\boards\Xilinx\vpk120\production\1.1\board.xml as part xcvp1202-vsva2785-2mp-e-s specified in board_part file is either invalid or not available
WARNING: [Board 49-26] cannot add Board Part xilinx.com:vpk120:part0:1.2 available at C:/AMDDesignTools/2025.2/data/xhub/boards\XilinxBoardStore\boards\Xilinx\vpk120\production\1.2\board.xml as part xcvp1202-vsva2785-2mp-e-s specified in board_part file is either invalid or not available
WARNING: [Board 49-26] cannot add Board Part xilinx.com:vpk180:part0:1.0 available at C:/AMDDesignTools/2025.2/data/xhub/boards\XilinxBoardStore\boards\Xilinx\vpk180\production\1.0\board.xml as part xcvp1802-lsvc4072-2mp-e-s specified in board_part file is either invalid or not available
WARNING: [Board 49-26] cannot add Board Part xilinx.com:vpk180:part0:1.1 available at C:/AMDDesignTools/2025.2/data/xhub/boards\XilinxBoardStore\boards\Xilinx\vpk180\production\1.1\board.xml as part xcvp1802-lsvc4072-2mp-e-s specified in board_part file is either invalid or not available
WARNING: [Board 49-26] cannot add Board Part xilinx.com:vpk180:part0:1.2 available at C:/AMDDesignTools/2025.2/data/xhub/boards\XilinxBoardStore\boards\Xilinx\vpk180\production\1.2\board.xml as part xcvp1802-lsvc4072-2mp-e-s specified in board_part file is either invalid or not available
WARNING: [Board 49-26] cannot add Board Part xilinx.com:vrk160:part0:1.0 available at C:/AMDDesignTools/2025.2/data/xhub/boards\XilinxBoardStore\boards\Xilinx\vrk160\1.0\board.xml as part xcvr1602-vsva2488-2mp-e-s-es1 specified in board_part file is either invalid or not available
WARNING: [Board 49-26] cannot add Board Part xilinx.com:vrk160:part0:1.1 available at C:/AMDDesignTools/2025.2/data/xhub/boards\XilinxBoardStore\boards\Xilinx\vrk160\1.1\board.xml as part xcvr1602-vsva2488-2mp-e-s-es1 specified in board_part file is either invalid or not available
WARNING: [Board 49-26] cannot add Board Part xilinx.com:zcu102:part0:3.3 available at C:/AMDDesignTools/2025.2/data/xhub/boards\XilinxBoardStore\boards\Xilinx\zcu102\3.3\board.xml as part xczu9eg-ffvb1156-2-e specified in board_part file is either invalid or not available
WARNING: [Board 49-26] cannot add Board Part xilinx.com:zcu102:part0:3.4 available at C:/AMDDesignTools/2025.2/data/xhub/boards\XilinxBoardStore\boards\Xilinx\zcu102\3.4\board.xml as part xczu9eg-ffvb1156-2-e specified in board_part file is either invalid or not available
WARNING: [Board 49-26] cannot add Board Part xilinx.com:zcu104:part0:1.1 available at C:/AMDDesignTools/2025.2/data/xhub/boards\XilinxBoardStore\boards\Xilinx\zcu104\1.1\board.xml as part xczu7ev-ffvc1156-2-e specified in board_part file is either invalid or not available
WARNING: [Board 49-26] cannot add Board Part xilinx.com:zcu106:part0:2.4 available at C:/AMDDesignTools/2025.2/data/xhub/boards\XilinxBoardStore\boards\Xilinx\zcu106\2.4\board.xml as part xczu7ev-ffvc1156-2-e specified in board_part file is either invalid or not available
WARNING: [Board 49-26] cannot add Board Part xilinx.com:zcu106:part0:2.5 available at C:/AMDDesignTools/2025.2/data/xhub/boards\XilinxBoardStore\boards\Xilinx\zcu106\2.5\board.xml as part xczu7ev-ffvc1156-2-e specified in board_part file is either invalid or not available
WARNING: [Board 49-26] cannot add Board Part xilinx.com:zcu106:part0:2.6 available at C:/AMDDesignTools/2025.2/data/xhub/boards\XilinxBoardStore\boards\Xilinx\zcu106\2.6\board.xml as part xczu7ev-ffvc1156-2-e specified in board_part file is either invalid or not available
WARNING: [Board 49-26] cannot add Board Part xilinx.com:zcu111:part0:1.2 available at C:/AMDDesignTools/2025.2/data/xhub/boards\XilinxBoardStore\boards\Xilinx\zcu111\1.2\board.xml as part xczu28dr-ffvg1517-2-e specified in board_part file is either invalid or not available
WARNING: [Board 49-26] cannot add Board Part xilinx.com:zcu111:part0:1.3 available at C:/AMDDesignTools/2025.2/data/xhub/boards\XilinxBoardStore\boards\Xilinx\zcu111\1.3\board.xml as part xczu28dr-ffvg1517-2-e specified in board_part file is either invalid or not available
WARNING: [Board 49-26] cannot add Board Part xilinx.com:zcu111:part0:1.4 available at C:/AMDDesignTools/2025.2/data/xhub/boards\XilinxBoardStore\boards\Xilinx\zcu111\1.4\board.xml as part xczu28dr-ffvg1517-2-e specified in board_part file is either invalid or not available
WARNING: [Board 49-26] cannot add Board Part xilinx.com:zcu1275:part0:1.0 available at C:/AMDDesignTools/2025.2/data/xhub/boards\XilinxBoardStore\boards\Xilinx\zcu1275\1.0\board.xml as part xczu29dr-ffvf1760-2-e specified in board_part file is either invalid or not available
WARNING: [Board 49-26] cannot add Board Part xilinx.com:zcu1285:part0:1.0 available at C:/AMDDesignTools/2025.2/data/xhub/boards\XilinxBoardStore\boards\Xilinx\zcu1285\1.0\board.xml as part xczu39dr-ffvf1760-2-i specified in board_part file is either invalid or not available
WARNING: [Board 49-26] cannot add Board Part xilinx.com:zcu208:part0:2.0 available at C:/AMDDesignTools/2025.2/data/xhub/boards\XilinxBoardStore\boards\Xilinx\zcu208\production\2.0\board.xml as part xczu48dr-fsvg1517-2-e specified in board_part file is either invalid or not available
WARNING: [Board 49-26] cannot add Board Part xilinx.com:zcu208ld:part0:2.0 available at C:/AMDDesignTools/2025.2/data/xhub/boards\XilinxBoardStore\boards\Xilinx\zcu208ld\production\2.0\board.xml as part xczu58dr-fsvg1517-2-i specified in board_part file is either invalid or not available
WARNING: [Board 49-26] cannot add Board Part xilinx.com:zcu216:part0:2.0 available at C:/AMDDesignTools/2025.2/data/xhub/boards\XilinxBoardStore\boards\Xilinx\zcu216\production\2.0\board.xml as part xczu49dr-ffvf1760-2-e specified in board_part file is either invalid or not available
WARNING: [Board 49-26] cannot add Board Part xilinx.com:zcu216ld:part0:2.0 available at C:/AMDDesignTools/2025.2/data/xhub/boards\XilinxBoardStore\boards\Xilinx\zcu216ld\production\2.0\board.xml as part xczu59dr-ffvf1760-2-i specified in board_part file is either invalid or not available
WARNING: [Board 49-26] cannot add Board Part xilinx.com:zcu670:part0:2.0 available at C:/AMDDesignTools/2025.2/data/xhub/boards\XilinxBoardStore\boards\Xilinx\zcu670\2.0\board.xml as part xczu67dr-fsve1156-2-i specified in board_part file is either invalid or not available
WARNING: [Board 49-26] cannot add Board Part xilinx.com:zcu670ld:part0:1.0 available at C:/AMDDesignTools/2025.2/data/xhub/boards\XilinxBoardStore\boards\Xilinx\zcu670ld\1.0\board.xml as part xczu57dr-fsve1156-2-i specified in board_part file is either invalid or not available
WARNING: [filemgmt 56-3] IP Repository Path: Could not find the dopen_project: Time (s): cpu = 00Scanning sources...
Finished scanning sources
WARNING: [Board 49-26] cannot add Board Part xilinx.com:ac701:part0:1.4 availableexit
INFO: [Common 17-206] Exiting Vivado at Thu Jan 15 18:26:21 2026...
inx\ac701\1.4\board.xml as part xc7a200tfbg676-2 specified in board_part file is either invalid or not available
WARNING: [Board 49-26] cannot add Board Part xilinx.com:emb-plus-vpr-4616:part0:1.0 available at C:/AMDDesignTools/2025.2/data/xhub/boards\XilinxBoardStore\boards\Xilinx\emb-plus-vpr-4616\1.0\board.xml as part xcve2302-sfva784-2mp-e-s specified in board_part file is either invalid or not available
WARNING: [Board 49-26] cannot add Board Part xilinx.com:emb-plus-vpr-4616:part0:1.1 available at C:/AMDDesignTools/2025.2/data/xhub/boards\XilinxBoardStore\boards\Xilinx\emb-plus-vpr-4616\1.1\board.xml as part xcve2302-sfva784-2mp-e-s specified in board_part file is either invalid or not available
WARNING: [Board 49-26] cannot add Board Part xilinx.com:k24c:part0:1.0 available at C:/AMDDesignTools/2025.2/data/xhub/boards\XilinxBoardStore\boards\Xilinx\k24c\1.0\board.xml as part xck24-ubva530-2lv-c specified in board_part file is either invalid or not available
WARNING: [Board 49-26] cannot add Board Part xilinx.com:k24c:part0:1.1 available at C:/AMDDesignTools/2025.2/data/xhub/boards\XilinxBoardStore\boards\Xilinx\k24c\1.1\board.xml as part xck24-ubva530-2lv-c specified in board_part file is either invalid or not available
INFO: [Common 17-14] Message 'Board 49-26' appears 100 times and further instances of the messages will be disabled. Use the Tcl command set_msg_config to change the current settings.
WARNING: [Project 1-5713] Board part 'digilentinc.com:cora-z7-07s:part0:1.0' set for the project  is not found. BoardPart property will be unset. Please select board from latest repo build 
INFO: [IP_Flow 19-234] Refreshing IP repositories
WARNING: [IP_Flow 19-2248] Failed to load user IP repository 'c:/Users/wands/repo'; Can't find the specified path.
If this directory should no longer be in your list of user repositories, go to the IP Settings dialog and remove it.
INFO: [IP_Flow 19-2313] Loaded Vivado IP repository 'C:/AMDDesignTools/2025.2/Vivado/data/ip'.
WARNING: [IP_Flow 19-2162] IP 'clk_wiz_0' is locked:
* IP definition 'Clocking Wizard (6.0)' for IP 'clk_wiz_0' (customized with software release 2018.2) has a different revision in the IP Catalog.
open_project: Time (s): cpu = 00:01:08 ; elapsed = 00:00:36 . Memory (MB): peak = 1677.855 ; gain = 293.938
update_compile_order -fileset sources_1
reset_run synth_1
INFO: [Project 1-1161] Replacing file C:/Users/wands/Documents/Build18/Cora-Z7-07S-Pmod-I2S2-2018.2-1/vivado_proj/Pmod-I2S2-Cora-Z7-07S.srcs/utils_1/imports/synth_1/top.dcp with file C:/Users/wands/Documents/Build18/Cora-Z7-07S-Pmod-I2S2-2018.2-1/vivado_proj/Pmod-I2S2-Cora-Z7-07S.runs/synth_1/top.dcp
launch_runs impl_1 -to_step write_bitstream -jobs 6
[Thu Jan 15 17:37:55 2026] Launched synth_1...
Run output will be captured here: C:/Users/wands/Documents/Build18/Cora-Z7-07S-Pmod-I2S2-2018.2-1/vivado_proj/Pmod-I2S2-Cora-Z7-07S.runs/synth_1/runme.log
[Thu Jan 15 17:37:56 2026] Launched impl_1...
Run output will be captured here: C:/Users/wands/Documents/Build18/Cora-Z7-07S-Pmod-I2S2-2018.2-1/vivado_proj/Pmod-I2S2-Cora-Z7-07S.runs/impl_1/runme.log
reset_run synth_1
launch_runs impl_1 -to_step write_bitstream -jobs 6
[Thu Jan 15 18:28:46 2026] Launched synth_1...
Run output will be captured here: C:/Users/wands/Documents/Build18/Cora-Z7-07S-Pmod-I2S2-2018.2-1/vivado_proj/Pmod-I2S2-Cora-Z7-07S.runs/synth_1/runme.log
[Thu Jan 15 18:28:46 2026] Launched impl_1...
Run output will be captured here: C:/Users/wands/Documents/Build18/Cora-Z7-07S-Pmod-I2S2-2018.2-1/vivado_proj/Pmod-I2S2-Cora-Z7-07S.runs/impl_1/runme.log
open_hw_manager
connect_hw_server -allow_non_jtag
INFO: [Labtools 27-2285] Connecting to hw_server url TCP:localhost:3121
INFO: [Labtools 27-2222] Launching hw_server...
INFO: [Labtools 27-2221] Launch Output:

****** Xilinx hw_server v2025.2
  **** Build date : Oct 28 2025 at 10:03:13
    ** Copyright 1986-2022 Xilinx, Inc. All Rights Reserved.


INFO: [Labtools 27-3415] Connecting to cs_server url TCP:localhost:0
INFO: [Labtools 27-3417] Launching cs_server...
INFO: [Labtools 27-2221] Launch Output:


******** Xilinx cs_server v2025.2.0
  ****** Build date   : Nov 13 2025-18:16:52
    **** Build number : 2025.2.1763075812
      ** Copyright 2017-2022 Xilinx, Inc. All Rights Reserved.
      ** Copyright 2022-2026 Advanced Micro Devices, Inc. All Rights Reserved.



connect_hw_server: Time (s): cpu = 00:00:02 ; elapsed = 00:00:12 . Memory (MB): peak = 1688.188 ; gain = 10.332
open_hw_target
INFO: [Labtoolstcl 44-466] Opening hw_target localhost:3121/xilinx_tcf/Digilent/210370BD76B2A
open_hw_target: Time (s): cpu = 00:00:01 ; elapsed = 00:00:06 . Memory (MB): peak = 1729.668 ; gain = 41.480
set_property PROGRAM.FILE {C:/Users/wands/Documents/Build18/Cora-Z7-07S-Pmod-I2S2-2018.2-1/vivado_proj/Pmod-I2S2-Cora-Z7-07S.runs/impl_1/top.bit} [get_hw_devices xc7z007s_1]
current_hw_device [get_hw_devices xc7z007s_1]
refresh_hw_device -update_hw_probes false [lindex [get_hw_devices xc7z007s_1] 0]
INFO: [Labtools 27-1435] Device xc7z007s (JTAG device index = 1) is not programmed (DONE status = 0).
set_property PROBES.FILE {} [get_hw_devices xc7z007s_1]
set_property FULL_PROBES.FILE {} [get_hw_devices xc7z007s_1]
set_property PROGRAM.FILE {C:/Users/wands/Documents/Build18/Cora-Z7-07S-Pmod-I2S2-2018.2-1/vivado_proj/Pmod-I2S2-Cora-Z7-07S.runs/impl_1/top.bit} [get_hw_devices xc7z007s_1]
program_hw_devices [get_hw_devices xc7z007s_1]
INFO: [Labtools 27-3164] End of startup status: HIGH
refresh_hw_device [lindex [get_hw_devices xc7z007s_1] 0]
INFO: [Labtools 27-1434] Device xc7z007s (JTAG device index = 1) is programmed with a design that has no supported soft debug core(s) in it.
set_property PROBES.FILE {} [get_hw_devices xc7z007s_1]
set_property FULL_PROBES.FILE {} [get_hw_devices xc7z007s_1]
set_property PROGRAM.FILE {C:/Users/wands/Documents/Build18/Cora-Z7-07S-Pmod-I2S2-2018.2-1/vivado_proj/Pmod-I2S2-Cora-Z7-07S.runs/impl_1/top.bit} [get_hw_devices xc7z007s_1]
program_hw_devices [get_hw_devices xc7z007s_1]
INFO: [Labtools 27-3164] End of startup status: HIGH
refresh_hw_device [lindex [get_hw_devices xc7z007s_1] 0]
INFO: [Labtools 27-1434] Device xc7z007s (JTAG device index = 1) is programmed with a design that has no supported soft debug core(s) in it.
reset_run synth_1
INFO: [Project 1-1161] Replacing file C:/Users/wands/Documents/Build18/Cora-Z7-07S-Pmod-I2S2-2018.2-1/vivado_proj/Pmod-I2S2-Cora-Z7-07S.srcs/utils_1/imports/synth_1/top.dcp with file C:/Users/wands/Documents/Build18/Cora-Z7-07S-Pmod-I2S2-2018.2-1/vivado_proj/Pmod-I2S2-Cora-Z7-07S.runs/synth_1/top.dcp
WARNING: [Vivado 12-1017] Problems encountered:
1. Failed to delete one or more files in run directory C:/Users/wands/Documents/Build18/Cora-Z7-07S-Pmod-I2S2-2018.2-1/vivado_proj/Pmod-I2S2-Cora-Z7-07S.runs/synth_1

launch_runs impl_1 -to_step write_bitstream -jobs 6
[Thu Jan 15 18:50:21 2026] Launched synth_1...
Run output will be captured here: C:/Users/wands/Documents/Build18/Cora-Z7-07S-Pmod-I2S2-2018.2-1/vivado_proj/Pmod-I2S2-Cora-Z7-07S.runs/synth_1/runme.log
[Thu Jan 15 18:50:21 2026] Launched impl_1...
Run output will be captured here: C:/Users/wands/Documents/Build18/Cora-Z7-07S-Pmod-I2S2-2018.2-1/vivado_proj/Pmod-I2S2-Cora-Z7-07S.runs/impl_1/runme.log
set_property PROBES.FILE {} [get_hw_devices xc7z007s_1]
set_property FULL_PROBES.FILE {} [get_hw_devices xc7z007s_1]
set_property PROGRAM.FILE {C:/Users/wands/Documents/Build18/Cora-Z7-07S-Pmod-I2S2-2018.2-1/vivado_proj/Pmod-I2S2-Cora-Z7-07S.runs/impl_1/top.bit} [get_hw_devices xc7z007s_1]
program_hw_devices [get_hw_devices xc7z007s_1]
INFO: [Labtools 27-3164] End of startup status: HIGH
refresh_hw_device [lindex [get_hw_devices xc7z007s_1] 0]
INFO: [Labtools 27-1434] Device xc7z007s (JTAG device index = 1) is programmed with a design that has no supported soft debug core(s) in it.
set_property PROBES.FILE {} [get_hw_devices xc7z007s_1]
set_property FULL_PROBES.FILE {} [get_hw_devices xc7z007s_1]
set_property PROGRAM.FILE {C:/Users/wands/Documents/Build18/Cora-Z7-07S-Pmod-I2S2-2018.2-1/vivado_proj/Pmod-I2S2-Cora-Z7-07S.runs/impl_1/top.bit} [get_hw_devices xc7z007s_1]
program_hw_devices [get_hw_devices xc7z007s_1]
INFO: [Labtools 27-3164] End of startup status: HIGH
refresh_hw_device [lindex [get_hw_devices xc7z007s_1] 0]
INFO: [Labtools 27-1434] Device xc7z007s (JTAG device index = 1) is programmed with a design that has no supported soft debug core(s) in it.
reset_run synth_1
INFO: [Project 1-1161] Replacing file C:/Users/wands/Documents/Build18/Cora-Z7-07S-Pmod-I2S2-2018.2-1/vivado_proj/Pmod-I2S2-Cora-Z7-07S.srcs/utils_1/imports/synth_1/top.dcp with file C:/Users/wands/Documents/Build18/Cora-Z7-07S-Pmod-I2S2-2018.2-1/vivado_proj/Pmod-I2S2-Cora-Z7-07S.runs/synth_1/top.dcp
WARNING: [Vivado 12-1017] Problems encountered:
1. Failed to delete one or more files in run directory C:/Users/wands/Documents/Build18/Cora-Z7-07S-Pmod-I2S2-2018.2-1/vivado_proj/Pmod-I2S2-Cora-Z7-07S.runs/synth_1

launch_runs synth_1 -jobs 6
[Thu Jan 15 20:54:18 2026] Launched synth_1...
Run output will be captured here: C:/Users/wands/Documents/Build18/Cora-Z7-07S-Pmod-I2S2-2018.2-1/vivado_proj/Pmod-I2S2-Cora-Z7-07S.runs/synth_1/runme.log
WARNING: [filemgmt 20-1445] Cannot import file 'C:/Users/wands/Documents/Build18/Cora-Z7-07S-Pmod-I2S2-2018.2-1/vivado_proj/Pmod-I2S2-Cora-Z7-07S.srcs/sources_1/imports/hdl/lms.v' on top of itself. Importing a file from the imported source directory can cause this problem.
WARNING: [filemgmt 20-1445] Cannot import file 'C:/Users/wands/Documents/Build18/Cora-Z7-07S-Pmod-I2S2-2018.2-1/vivado_proj/Pmod-I2S2-Cora-Z7-07S.srcs/sources_1/imports/hdl/fir_filter.v' on top of itself. Importing a file from the imported source directory can cause this problem.
add_files -norecurse {C:/Users/wands/Documents/Build18/Cora-Z7-07S-Pmod-I2S2-2018.2-1/vivado_proj/Pmod-I2S2-Cora-Z7-07S.srcs/sources_1/imports/hdl/fir_filter.v C:/Users/wands/Documents/Build18/Cora-Z7-07S-Pmod-I2S2-2018.2-1/vivado_proj/Pmod-I2S2-Cora-Z7-07S.srcs/sources_1/imports/hdl/lms.v}
update_compile_order -fileset sources_1
update_compile_order -fileset sources_1
reset_run synth_1
WARNING: [Vivado 12-1017] Problems encountered:
1. Failed to delete one or more files in run directory C:/Users/wands/Documents/Build18/Cora-Z7-07S-Pmod-I2S2-2018.2-1/vivado_proj/Pmod-I2S2-Cora-Z7-07S.runs/synth_1

WARNING: [Vivado 12-4144] IP run clk_wiz_0_synth_1 is available but is out of date. Since the IP is locked, the synthesis checkpoint cannot be updated. The out-of-date checkpoint will be used and it may result in incorrect behavior.
Please select 'Report IP Status' from the 'Tools/Report' menu or run the Tcl command 'report_ip_status' for more information.
synth_design -top top -part xc7z007sclg400-1 -lint 
Command: synth_design -top top -part xc7z007sclg400-1 -lint
Starting synth_design
WARNING: [Vivado_Tcl 4-393] The 'Synthesis' target of the following IPs are stale, please generate the output products using the generate_target or synth_ip command before running synth_design.
C:/Users/wands/Documents/Build18/Cora-Z7-07S-Pmod-I2S2-2018.2-1/vivado_proj/Pmod-I2S2-Cora-Z7-07S.srcs/sources_1/ip/clk_wiz_0/clk_wiz_0.xci

WARNING: [Vivado_Tcl 4-393] The 'Implementation' target of the following IPs are stale, please generate the output products using the generate_target or synth_ip command before running synth_design.
C:/Users/wands/Documents/Build18/Cora-Z7-07S-Pmod-I2S2-2018.2-1/vivado_proj/Pmod-I2S2-Cora-Z7-07S.srcs/sources_1/ip/clk_wiz_0/clk_wiz_0.xci

Attempting to get a license for feature 'Synthesis' and/or device 'xc7z007s'
INFO: [Common 17-349] Got license for feature 'Synthesis' and/or device 'xc7z007s'
INFO: [Synth 8-7079] Multithreading enabled for synth_design using a maximum of 2 processes.
INFO: [Synth 8-7078] Launching helper process for spawning children vivado processes
INFO: [Synth 8-7075] Helper process launched with PID 20356
---------------------------------------------------------------------------------
Starting Synthesize : Time (s): cpu = 00:00:13 ; elapsed = 00:00:12 . Memory (MB): peak = 2311.035 ; gain = 519.668
---------------------------------------------------------------------------------
Clean up Linter database...
ERROR: [Synth 8-36] 'reset_n' is not declared [C:/Users/wands/Documents/Build18/Cora-Z7-07S-Pmod-I2S2-2018.2-1/vivado_proj/Pmod-I2S2-Cora-Z7-07S.srcs/sources_1/imports/hdl/axis_volume_controller.v:102]
ERROR: [Synth 8-9210] cannot access memory 'buff_array' directly [C:/Users/wands/Documents/Build18/Cora-Z7-07S-Pmod-I2S2-2018.2-1/vivado_proj/Pmod-I2S2-Cora-Z7-07S.srcs/sources_1/imports/hdl/axis_volume_controller.v:109]
ERROR: [Synth 8-9210] cannot access memory 'coeffs' directly [C:/Users/wands/Documents/Build18/Cora-Z7-07S-Pmod-I2S2-2018.2-1/vivado_proj/Pmod-I2S2-Cora-Z7-07S.srcs/sources_1/imports/hdl/axis_volume_controller.v:110]
ERROR: [Synth 8-36] 'reset_n' is not declared [C:/Users/wands/Documents/Build18/Cora-Z7-07S-Pmod-I2S2-2018.2-1/vivado_proj/Pmod-I2S2-Cora-Z7-07S.srcs/sources_1/imports/hdl/axis_volume_controller.v:115]
ERROR: [Synth 8-9210] cannot access memory 'buff_array' directly [C:/Users/wands/Documents/Build18/Cora-Z7-07S-Pmod-I2S2-2018.2-1/vivado_proj/Pmod-I2S2-Cora-Z7-07S.srcs/sources_1/imports/hdl/axis_volume_controller.v:116]
ERROR: [Synth 8-9210] cannot access memory 'coeffs' directly [C:/Users/wands/Documents/Build18/Cora-Z7-07S-Pmod-I2S2-2018.2-1/vivado_proj/Pmod-I2S2-Cora-Z7-07S.srcs/sources_1/imports/hdl/axis_volume_controller.v:118]
INFO: [Synth 8-10285] module 'axis_volume_controller' is ignored due to previous errors [C:/Users/wands/Documents/Build18/Cora-Z7-07S-Pmod-I2S2-2018.2-1/vivado_proj/Pmod-I2S2-Cora-Z7-07S.srcs/sources_1/imports/hdl/axis_volume_controller.v:178]
INFO: [Synth 8-9084] Verilog file 'C:/Users/wands/Documents/Build18/Cora-Z7-07S-Pmod-I2S2-2018.2-1/vivado_proj/Pmod-I2S2-Cora-Z7-07S.srcs/sources_1/imports/hdl/axis_volume_controller.v' ignored due to errors
ERROR: [Synth 8-12188] Failed to read verilog 'C:/Users/wands/Documents/Build18/Cora-Z7-07S-Pmod-I2S2-2018.2-1/vivado_proj/Pmod-I2S2-Cora-Z7-07S.srcs/sources_1/imports/hdl/axis_volume_controller.v'
---------------------------------------------------------------------------------
Finished Synthesize : Time (s): cpu = 00:00:17 ; elapsed = 00:00:16 . Memory (MB): peak = 2415.168 ; gain = 623.801
---------------------------------------------------------------------------------
synthesize failed
INFO: [Common 17-83] Releasing license: Synthesis
7 Infos, 2 Warnings, 0 Critical Warnings and 7 Errors encountered.
synth_design completed successfully
synth_design: Time (s): cpu = 00:00:17 ; elapsed = 00:00:16 . Memory (MB): peak = 2415.168 ; gain = 623.801
ERROR: [Common 17-39] 'synth_design' failed due to earlier errors.
update_compile_order -fileset sources_1
update_compile_order -fileset sources_1
WARNING: [Vivado 12-4144] IP run clk_wiz_0_synth_1 is available but is out of date. Since the IP is locked, the synthesis checkpoint cannot be updated. The out-of-date checkpoint will be used and it may result in incorrect behavior.
Please select 'Report IP Status' from the 'Tools/Report' menu or run the Tcl command 'report_ip_status' for more information.
synth_design -top top -part xc7z007sclg400-1 -lint 
Command: synth_design -top top -part xc7z007sclg400-1 -lint
Starting synth_design
WARNING: [Vivado_Tcl 4-393] The 'Synthesis' target of the following IPs are stale, please generate the output products using the generate_target or synth_ip command before running synth_design.
C:/Users/wands/Documents/Build18/Cora-Z7-07S-Pmod-I2S2-2018.2-1/vivado_proj/Pmod-I2S2-Cora-Z7-07S.srcs/sources_1/ip/clk_wiz_0/clk_wiz_0.xci

WARNING: [Vivado_Tcl 4-393] The 'Implementation' target of the following IPs are stale, please generate the output products using the generate_target or synth_ip command before running synth_design.
C:/Users/wands/Documents/Build18/Cora-Z7-07S-Pmod-I2S2-2018.2-1/vivado_proj/Pmod-I2S2-Cora-Z7-07S.srcs/sources_1/ip/clk_wiz_0/clk_wiz_0.xci

Attempting to get a license for feature 'Synthesis' and/or device 'xc7z007s'
INFO: [Common 17-349] Got license for feature 'Synthesis' and/or device 'xc7z007s'
INFO: [Synth 8-7079] Multithreading enabled for synth_design using a maximum of 2 processes.
---------------------------------------------------------------------------------
Starting Synthesize : Time (s): cpu = 00:00:12 ; elapsed = 00:00:12 . Memory (MB): peak = 2415.168 ; gain = 0.000
---------------------------------------------------------------------------------
Clean up Linter database...
ERROR: [Synth 8-36] 'reset_n' is not declared [C:/Users/wands/Documents/Build18/Cora-Z7-07S-Pmod-I2S2-2018.2-1/vivado_proj/Pmod-I2S2-Cora-Z7-07S.srcs/sources_1/imports/hdl/axis_volume_controller.v:102]
ERROR: [Synth 8-36] 'reset_n' is not declared [C:/Users/wands/Documents/Build18/Cora-Z7-07S-Pmod-I2S2-2018.2-1/vivado_proj/Pmod-I2S2-Cora-Z7-07S.srcs/sources_1/imports/hdl/axis_volume_controller.v:115]
INFO: [Synth 8-10285] module 'axis_volume_controller' is ignored due to previous errors [C:/Users/wands/Documents/Build18/Cora-Z7-07S-Pmod-I2S2-2018.2-1/vivado_proj/Pmod-I2S2-Cora-Z7-07S.srcs/sources_1/imports/hdl/axis_volume_controller.v:178]
INFO: [Synth 8-9084] Verilog file 'C:/Users/wands/Documents/Build18/Cora-Z7-07S-Pmod-I2S2-2018.2-1/vivado_proj/Pmod-I2S2-Cora-Z7-07S.srcs/sources_1/imports/hdl/axis_volume_controller.v' ignored due to errors
ERROR: [Synth 8-12188] Failed to read verilog 'C:/Users/wands/Documents/Build18/Cora-Z7-07S-Pmod-I2S2-2018.2-1/vivado_proj/Pmod-I2S2-Cora-Z7-07S.srcs/sources_1/imports/hdl/axis_volume_controller.v'
---------------------------------------------------------------------------------
Finished Synthesize : Time (s): cpu = 00:00:15 ; elapsed = 00:00:15 . Memory (MB): peak = 2435.441 ; gain = 20.273
---------------------------------------------------------------------------------
synthesize failed
INFO: [Common 17-83] Releasing license: Synthesis
5 Infos, 2 Warnings, 0 Critical Warnings and 3 Errors encountered.
synth_design completed successfully
synth_design: Time (s): cpu = 00:00:15 ; elapsed = 00:00:16 . Memory (MB): peak = 2435.441 ; gain = 20.273
ERROR: [Common 17-39] 'synth_design' failed due to earlier errors.
WARNING: [Vivado 12-4144] IP run clk_wiz_0_synth_1 is available but is out of date. Since the IP is locked, the synthesis checkpoint cannot be updated. The out-of-date checkpoint will be used and it may result in incorrect behavior.
Please select 'Report IP Status' from the 'Tools/Report' menu or run the Tcl command 'report_ip_status' for more information.
synth_design -top top -part xc7z007sclg400-1 -lint 
Command: synth_design -top top -part xc7z007sclg400-1 -lint
Starting synth_design
WARNING: [Vivado_Tcl 4-393] The 'Synthesis' target of the following IPs are stale, please generate the output products using the generate_target or synth_ip command before running synth_design.
C:/Users/wands/Documents/Build18/Cora-Z7-07S-Pmod-I2S2-2018.2-1/vivado_proj/Pmod-I2S2-Cora-Z7-07S.srcs/sources_1/ip/clk_wiz_0/clk_wiz_0.xci

WARNING: [Vivado_Tcl 4-393] The 'Implementation' target of the following IPs are stale, please generate the output products using the generate_target or synth_ip command before running synth_design.
C:/Users/wands/Documents/Build18/Cora-Z7-07S-Pmod-I2S2-2018.2-1/vivado_proj/Pmod-I2S2-Cora-Z7-07S.srcs/sources_1/ip/clk_wiz_0/clk_wiz_0.xci

Attempting to get a license for feature 'Synthesis' and/or device 'xc7z007s'
INFO: [Common 17-349] Got license for feature 'Synthesis' and/or device 'xc7z007s'
INFO: [Synth 8-7079] Multithreading enabled for synth_design using a maximum of 2 processes.
---------------------------------------------------------------------------------
Starting Synthesize : Time (s): cpu = 00:00:12 ; elapsed = 00:00:12 . Memory (MB): peak = 2435.441 ; gain = 0.000
---------------------------------------------------------------------------------
Clean up Linter database...
ERROR: [Synth 8-36] 'reset_n' is not declared [C:/Users/wands/Documents/Build18/Cora-Z7-07S-Pmod-I2S2-2018.2-1/vivado_proj/Pmod-I2S2-Cora-Z7-07S.srcs/sources_1/imports/hdl/axis_volume_controller.v:102]
ERROR: [Synth 8-36] 'reset_n' is not declared [C:/Users/wands/Documents/Build18/Cora-Z7-07S-Pmod-I2S2-2018.2-1/vivado_proj/Pmod-I2S2-Cora-Z7-07S.srcs/sources_1/imports/hdl/axis_volume_controller.v:115]
INFO: [Synth 8-10285] module 'axis_volume_controller' is ignored due to previous errors [C:/Users/wands/Documents/Build18/Cora-Z7-07S-Pmod-I2S2-2018.2-1/vivado_proj/Pmod-I2S2-Cora-Z7-07S.srcs/sources_1/imports/hdl/axis_volume_controller.v:178]
INFO: [Synth 8-9084] Verilog file 'C:/Users/wands/Documents/Build18/Cora-Z7-07S-Pmod-I2S2-2018.2-1/vivado_proj/Pmod-I2S2-Cora-Z7-07S.srcs/sources_1/imports/hdl/axis_volume_controller.v' ignored due to errors
ERROR: [Synth 8-12188] Failed to read verilog 'C:/Users/wands/Documents/Build18/Cora-Z7-07S-Pmod-I2S2-2018.2-1/vivado_proj/Pmod-I2S2-Cora-Z7-07S.srcs/sources_1/imports/hdl/axis_volume_controller.v'
---------------------------------------------------------------------------------
Finished Synthesize : Time (s): cpu = 00:00:15 ; elapsed = 00:00:15 . Memory (MB): peak = 2438.152 ; gain = 2.711
---------------------------------------------------------------------------------
synthesize failed
INFO: [Common 17-83] Releasing license: Synthesis
5 Infos, 2 Warnings, 0 Critical Warnings and 3 Errors encountered.
synth_design completed successfully
synth_design: Time (s): cpu = 00:00:15 ; elapsed = 00:00:15 . Memory (MB): peak = 2438.152 ; gain = 2.711
ERROR: [Common 17-39] 'synth_design' failed due to earlier errors.
WARNING: [Vivado 12-4144] IP run clk_wiz_0_synth_1 is available but is out of date. Since the IP is locked, the synthesis checkpoint cannot be updated. The out-of-date checkpoint will be used and it may result in incorrect behavior.
Please select 'Report IP Status' from the 'Tools/Report' menu or run the Tcl command 'report_ip_status' for more information.
synth_design -top top -part xc7z007sclg400-1 -lint 
Command: synth_design -top top -part xc7z007sclg400-1 -lint
Starting synth_design
WARNING: [Vivado_Tcl 4-393] The 'Synthesis' target of the following IPs are stale, please generate the output products using the generate_target or synth_ip command before running synth_design.
C:/Users/wands/Documents/Build18/Cora-Z7-07S-Pmod-I2S2-2018.2-1/vivado_proj/Pmod-I2S2-Cora-Z7-07S.srcs/sources_1/ip/clk_wiz_0/clk_wiz_0.xci

WARNING: [Vivado_Tcl 4-393] The 'Implementation' target of the following IPs are stale, please generate the output products using the generate_target or synth_ip command before running synth_design.
C:/Users/wands/Documents/Build18/Cora-Z7-07S-Pmod-I2S2-2018.2-1/vivado_proj/Pmod-I2S2-Cora-Z7-07S.srcs/sources_1/ip/clk_wiz_0/clk_wiz_0.xci

Attempting to get a license for feature 'Synthesis' and/or device 'xc7z007s'
INFO: [Common 17-349] Got license for feature 'Synthesis' and/or device 'xc7z007s'
INFO: [Synth 8-7079] Multithreading enabled for synth_design using a maximum of 2 processes.
---------------------------------------------------------------------------------
Starting Synthesize : Time (s): cpu = 00:00:12 ; elapsed = 00:00:12 . Memory (MB): peak = 2447.141 ; gain = 8.988
---------------------------------------------------------------------------------
Clean up Linter database...
ERROR: [Synth 8-6735] net type must be explicitly specified for 'clk' when default_nettype is none [C:/Users/wands/Documents/Build18/Cora-Z7-07S-Pmod-I2S2-2018.2-1/vivado_proj/Pmod-I2S2-Cora-Z7-07S.srcs/sources_1/imports/hdl/fir_filter.v:14]
ERROR: [Synth 8-9844] non-net port 'clk' cannot be of mode input [C:/Users/wands/Documents/Build18/Cora-Z7-07S-Pmod-I2S2-2018.2-1/vivado_proj/Pmod-I2S2-Cora-Z7-07S.srcs/sources_1/imports/hdl/fir_filter.v:14]
ERROR: [Synth 8-6735] net type must be explicitly specified for 'reset_n' when default_nettype is none [C:/Users/wands/Documents/Build18/Cora-Z7-07S-Pmod-I2S2-2018.2-1/vivado_proj/Pmod-I2S2-Cora-Z7-07S.srcs/sources_1/imports/hdl/fir_filter.v:15]
ERROR: [Synth 8-9844] non-net port 'reset_n' cannot be of mode input [C:/Users/wands/Documents/Build18/Cora-Z7-07S-Pmod-I2S2-2018.2-1/vivado_proj/Pmod-I2S2-Cora-Z7-07S.srcs/sources_1/imports/hdl/fir_filter.v:15]
ERROR: [Synth 8-6735] net type must be explicitly specified for 'coeffs' when default_nettype is none [C:/Users/wands/Documents/Build18/Cora-Z7-07S-Pmod-I2S2-2018.2-1/vivado_proj/Pmod-I2S2-Cora-Z7-07S.srcs/sources_1/imports/hdl/fir_filter.v:16]
ERROR: [Synth 8-9844] non-net port 'coeffs' cannot be of mode input [C:/Users/wands/Documents/Build18/Cora-Z7-07S-Pmod-I2S2-2018.2-1/vivado_proj/Pmod-I2S2-Cora-Z7-07S.srcs/sources_1/imports/hdl/fir_filter.v:16]
ERROR: [Synth 8-6735] net type must be explicitly specified for 's_axis_fir_tdata' when default_nettype is none [C:/Users/wands/Documents/Build18/Cora-Z7-07S-Pmod-I2S2-2018.2-1/vivado_proj/Pmod-I2S2-Cora-Z7-07S.srcs/sources_1/imports/hdl/fir_filter.v:17]
ERROR: [Synth 8-9844] non-net port 's_axis_fir_tdata' cannot be of mode input [C:/Users/wands/Documents/Build18/Cora-Z7-07S-Pmod-I2S2-2018.2-1/vivado_proj/Pmod-I2S2-Cora-Z7-07S.srcs/sources_1/imports/hdl/fir_filter.v:17]
ERROR: [Synth 8-6735] net type must be explicitly specified for 's_axis_fir_tkeep' when default_nettype is none [C:/Users/wands/Documents/Build18/Cora-Z7-07S-Pmod-I2S2-2018.2-1/vivado_proj/Pmod-I2S2-Cora-Z7-07S.srcs/sources_1/imports/hdl/fir_filter.v:18]
ERROR: [Synth 8-9844] non-net port 's_axis_fir_tkeep' cannot be of mode input [C:/Users/wands/Documents/Build18/Cora-Z7-07S-Pmod-I2S2-2018.2-1/vivado_proj/Pmod-I2S2-Cora-Z7-07S.srcs/sources_1/imports/hdl/fir_filter.v:18]
ERROR: [Synth 8-6735] net type must be explicitly specified for 's_axis_fir_tlast' when default_nettype is none [C:/Users/wands/Documents/Build18/Cora-Z7-07S-Pmod-I2S2-2018.2-1/vivado_proj/Pmod-I2S2-Cora-Z7-07S.srcs/sources_1/imports/hdl/fir_filter.v:19]
ERROR: [Synth 8-9844] non-net port 's_axis_fir_tlast' cannot be of mode input [C:/Users/wands/Documents/Build18/Cora-Z7-07S-Pmod-I2S2-2018.2-1/vivado_proj/Pmod-I2S2-Cora-Z7-07S.srcs/sources_1/imports/hdl/fir_filter.v:19]
ERROR: [Synth 8-6735] net type must be explicitly specified for 's_axis_fir_tvalid' when default_nettype is none [C:/Users/wands/Documents/Build18/Cora-Z7-07S-Pmod-I2S2-2018.2-1/vivado_proj/Pmod-I2S2-Cora-Z7-07S.srcs/sources_1/imports/hdl/fir_filter.v:20]
ERROR: [Synth 8-9844] non-net port 's_axis_fir_tvalid' cannot be of mode input [C:/Users/wands/Documents/Build18/Cora-Z7-07S-Pmod-I2S2-2018.2-1/vivado_proj/Pmod-I2S2-Cora-Z7-07S.srcs/sources_1/imports/hdl/fir_filter.v:20]
ERROR: [Synth 8-6735] net type must be explicitly specified for 'm_axis_fir_tready' when default_nettype is none [C:/Users/wands/Documents/Build18/Cora-Z7-07S-Pmod-I2S2-2018.2-1/vivado_proj/Pmod-I2S2-Cora-Z7-07S.srcs/sources_1/imports/hdl/fir_filter.v:21]
ERROR: [Synth 8-9844] non-net port 'm_axis_fir_tready' cannot be of mode input [C:/Users/wands/Documents/Build18/Cora-Z7-07S-Pmod-I2S2-2018.2-1/vivado_proj/Pmod-I2S2-Cora-Z7-07S.srcs/sources_1/imports/hdl/fir_filter.v:21]
ERROR: [Synth 8-2158] illegal operand for operator ~ [C:/Users/wands/Documents/Build18/Cora-Z7-07S-Pmod-I2S2-2018.2-1/vivado_proj/Pmod-I2S2-Cora-Z7-07S.srcs/sources_1/imports/hdl/fir_filter.v:56]
ERROR: [Synth 8-2158] illegal operand for operator ~ [C:/Users/wands/Documents/Build18/Cora-Z7-07S-Pmod-I2S2-2018.2-1/vivado_proj/Pmod-I2S2-Cora-Z7-07S.srcs/sources_1/imports/hdl/fir_filter.v:60]
ERROR: [Synth 8-2158] illegal operand for operator ~ [C:/Users/wands/Documents/Build18/Cora-Z7-07S-Pmod-I2S2-2018.2-1/vivado_proj/Pmod-I2S2-Cora-Z7-07S.srcs/sources_1/imports/hdl/fir_filter.v:60]
ERROR: [Synth 8-12188] Failed to read verilog 'C:/Users/wands/Documents/Build18/Cora-Z7-07S-Pmod-I2S2-2018.2-1/vivado_proj/Pmod-I2S2-Cora-Z7-07S.srcs/sources_1/imports/hdl/fir_filter.v'
---------------------------------------------------------------------------------
Finished Synthesize : Time (s): cpu = 00:00:15 ; elapsed = 00:00:16 . Memory (MB): peak = 2452.234 ; gain = 14.082
---------------------------------------------------------------------------------
synthesize failed
INFO: [Common 17-83] Releasing license: Synthesis
3 Infos, 2 Warnings, 0 Critical Warnings and 20 Errors encountered.
synth_design completed successfully
synth_design: Time (s): cpu = 00:00:15 ; elapsed = 00:00:16 . Memory (MB): peak = 2452.234 ; gain = 14.082
ERROR: [Common 17-39] 'synth_design' failed due to earlier errors.
WARNING: [Vivado 12-4144] IP run clk_wiz_0_synth_1 is available but is out of date. Since the IP is locked, the synthesis checkpoint cannot be updated. The out-of-date checkpoint will be used and it may result in incorrect behavior.
Please select 'Report IP Status' from the 'Tools/Report' menu or run the Tcl command 'report_ip_status' for more information.
synth_design -top top -part xc7z007sclg400-1 -lint 
Command: synth_design -top top -part xc7z007sclg400-1 -lint
Starting synth_design
WARNING: [Vivado_Tcl 4-393] The 'Synthesis' target of the following IPs are stale, please generate the output products using the generate_target or synth_ip command before running synth_design.
C:/Users/wands/Documents/Build18/Cora-Z7-07S-Pmod-I2S2-2018.2-1/vivado_proj/Pmod-I2S2-Cora-Z7-07S.srcs/sources_1/ip/clk_wiz_0/clk_wiz_0.xci

WARNING: [Vivado_Tcl 4-393] The 'Implementation' target of the following IPs are stale, please generate the output products using the generate_target or synth_ip command before running synth_design.
C:/Users/wands/Documents/Build18/Cora-Z7-07S-Pmod-I2S2-2018.2-1/vivado_proj/Pmod-I2S2-Cora-Z7-07S.srcs/sources_1/ip/clk_wiz_0/clk_wiz_0.xci

Attempting to get a license for feature 'Synthesis' and/or device 'xc7z007s'
INFO: [Common 17-349] Got license for feature 'Synthesis' and/or device 'xc7z007s'
INFO: [Synth 8-7079] Multithreading enabled for synth_design using a maximum of 2 processes.
---------------------------------------------------------------------------------
Starting Synthesize : Time (s): cpu = 00:00:13 ; elapsed = 00:00:13 . Memory (MB): peak = 2452.234 ; gain = 0.000
---------------------------------------------------------------------------------
Clean up Linter database...
ERROR: [Synth 8-6735] net type must be explicitly specified for 'coeffs' when default_nettype is none [C:/Users/wands/Documents/Build18/Cora-Z7-07S-Pmod-I2S2-2018.2-1/vivado_proj/Pmod-I2S2-Cora-Z7-07S.srcs/sources_1/imports/hdl/fir_filter.v:16]
ERROR: [Synth 8-9844] non-net port 'coeffs' cannot be of mode input [C:/Users/wands/Documents/Build18/Cora-Z7-07S-Pmod-I2S2-2018.2-1/vivado_proj/Pmod-I2S2-Cora-Z7-07S.srcs/sources_1/imports/hdl/fir_filter.v:16]
ERROR: [Synth 8-6735] net type must be explicitly specified for 's_axis_fir_tdata' when default_nettype is none [C:/Users/wands/Documents/Build18/Cora-Z7-07S-Pmod-I2S2-2018.2-1/vivado_proj/Pmod-I2S2-Cora-Z7-07S.srcs/sources_1/imports/hdl/fir_filter.v:17]
ERROR: [Synth 8-9844] non-net port 's_axis_fir_tdata' cannot be of mode input [C:/Users/wands/Documents/Build18/Cora-Z7-07S-Pmod-I2S2-2018.2-1/vivado_proj/Pmod-I2S2-Cora-Z7-07S.srcs/sources_1/imports/hdl/fir_filter.v:17]
ERROR: [Synth 8-36] 'm_axis_fir_tdata' is not declared [C:/Users/wands/Documents/Build18/Cora-Z7-07S-Pmod-I2S2-2018.2-1/vivado_proj/Pmod-I2S2-Cora-Z7-07S.srcs/sources_1/imports/hdl/fir_filter.v:139]
INFO: [Synth 8-10285] module 'FIR' is ignored due to previous errors [C:/Users/wands/Documents/Build18/Cora-Z7-07S-Pmod-I2S2-2018.2-1/vivado_proj/Pmod-I2S2-Cora-Z7-07S.srcs/sources_1/imports/hdl/fir_filter.v:149]
INFO: [Synth 8-9084] Verilog file 'C:/Users/wands/Documents/Build18/Cora-Z7-07S-Pmod-I2S2-2018.2-1/vivado_proj/Pmod-I2S2-Cora-Z7-07S.srcs/sources_1/imports/hdl/fir_filter.v' ignored due to errors
ERROR: [Synth 8-12188] Failed to read verilog 'C:/Users/wands/Documents/Build18/Cora-Z7-07S-Pmod-I2S2-2018.2-1/vivado_proj/Pmod-I2S2-Cora-Z7-07S.srcs/sources_1/imports/hdl/fir_filter.v'
---------------------------------------------------------------------------------
Finished Synthesize : Time (s): cpu = 00:00:17 ; elapsed = 00:00:17 . Memory (MB): peak = 2457.070 ; gain = 4.836
---------------------------------------------------------------------------------
synthesize failed
INFO: [Common 17-83] Releasing license: Synthesis
5 Infos, 2 Warnings, 0 Critical Warnings and 6 Errors encountered.
synth_design completed successfully
synth_design: Time (s): cpu = 00:00:17 ; elapsed = 00:00:17 . Memory (MB): peak = 2457.070 ; gain = 4.836
ERROR: [Common 17-39] 'synth_design' failed due to earlier errors.
WARNING: [Vivado 12-4144] IP run clk_wiz_0_synth_1 is available but is out of date. Since the IP is locked, the synthesis checkpoint cannot be updated. The out-of-date checkpoint will be used and it may result in incorrect behavior.
Please select 'Report IP Status' from the 'Tools/Report' menu or run the Tcl command 'report_ip_status' for more information.
synth_design -top top -part xc7z007sclg400-1 -lint 
Command: synth_design -top top -part xc7z007sclg400-1 -lint
Starting synth_design
WARNING: [Vivado_Tcl 4-393] The 'Synthesis' target of the following IPs are stale, please generate the output products using the generate_target or synth_ip command before running synth_design.
C:/Users/wands/Documents/Build18/Cora-Z7-07S-Pmod-I2S2-2018.2-1/vivado_proj/Pmod-I2S2-Cora-Z7-07S.srcs/sources_1/ip/clk_wiz_0/clk_wiz_0.xci

WARNING: [Vivado_Tcl 4-393] The 'Implementation' target of the following IPs are stale, please generate the output products using the generate_target or synth_ip command before running synth_design.
C:/Users/wands/Documents/Build18/Cora-Z7-07S-Pmod-I2S2-2018.2-1/vivado_proj/Pmod-I2S2-Cora-Z7-07S.srcs/sources_1/ip/clk_wiz_0/clk_wiz_0.xci

Attempting to get a license for feature 'Synthesis' and/or device 'xc7z007s'
INFO: [Common 17-349] Got license for feature 'Synthesis' and/or device 'xc7z007s'
INFO: [Synth 8-7079] Multithreading enabled for synth_design using a maximum of 2 processes.
---------------------------------------------------------------------------------
Starting Synthesize : Time (s): cpu = 00:00:11 ; elapsed = 00:00:12 . Memory (MB): peak = 2467.281 ; gain = 9.273
---------------------------------------------------------------------------------
Clean up Linter database...
WARNING: [Synth 8-11065] parameter 'gamma' becomes localparam in 'LMS' with formal parameter declaration list [C:/Users/wands/Documents/Build18/Cora-Z7-07S-Pmod-I2S2-2018.2-1/vivado_proj/Pmod-I2S2-Cora-Z7-07S.srcs/sources_1/imports/hdl/lms.v:13]
INFO: [Synth 8-6157] synthesizing module 'top' [C:/Users/wands/Documents/Build18/Cora-Z7-07S-Pmod-I2S2-2018.2-1/vivado_proj/Pmod-I2S2-Cora-Z7-07S.srcs/sources_1/imports/hdl/top.v:20]
	Parameter NUMBER_OF_SWITCHES bound to: 1 - type: integer 
	Parameter RESET_POLARITY bound to: 1 - type: integer 
INFO: [Synth 8-638] synthesizing module 'clk_wiz_0' [C:/Users/wands/Documents/Build18/Cora-Z7-07S-Pmod-I2S2-2018.2-1/vivado_proj/.Xil/Vivado-16700-volatile_knight/realtime/clk_wiz_0_stub.vhdl:13]
INFO: [Synth 8-6157] synthesizing module 'axis_i2s2' [C:/Users/wands/Documents/Build18/Cora-Z7-07S-Pmod-I2S2-2018.2-1/vivado_proj/Pmod-I2S2-Cora-Z7-07S.srcs/sources_1/imports/hdl/axis_i2s2.v:24]
INFO: [Synth 8-6155] done synthesizing module 'axis_i2s2' (1#1) [C:/Users/wands/Documents/Build18/Cora-Z7-07S-Pmod-I2S2-2018.2-1/vivado_proj/Pmod-I2S2-Cora-Z7-07S.srcs/sources_1/imports/hdl/axis_i2s2.v:24]
WARNING: [Synth 8-689] width (24) of port connection 'tx_axis_s_data' does not match port width (32) of module 'axis_i2s2' [C:/Users/wands/Documents/Build18/Cora-Z7-07S-Pmod-I2S2-2018.2-1/vivado_proj/Pmod-I2S2-Cora-Z7-07S.srcs/sources_1/imports/hdl/top.v:72]
WARNING: [Synth 8-689] width (24) of port connection 'rx_axis_m_data' does not match port width (32) of module 'axis_i2s2' [C:/Users/wands/Documents/Build18/Cora-Z7-07S-Pmod-I2S2-2018.2-1/vivado_proj/Pmod-I2S2-Cora-Z7-07S.srcs/sources_1/imports/hdl/top.v:77]
INFO: [Synth 8-6157] synthesizing module 'axis_volume_controller' [C:/Users/wands/Documents/Build18/Cora-Z7-07S-Pmod-I2S2-2018.2-1/vivado_proj/Pmod-I2S2-Cora-Z7-07S.srcs/sources_1/imports/hdl/axis_volume_controller.v:21]
	Parameter SWITCH_WIDTH bound to: 1 - type: integer 
	Parameter DATA_WIDTH bound to: 24 - type: integer 
INFO: [Synth 8-6157] synthesizing module 'FIR' [C:/Users/wands/Documents/Build18/Cora-Z7-07S-Pmod-I2S2-2018.2-1/vivado_proj/Pmod-I2S2-Cora-Z7-07S.srcs/sources_1/imports/hdl/fir_filter.v:5]
INFO: [Synth 8-6155] done synthesizing module 'FIR' (2#1) [C:/Users/wands/Documents/Build18/Cora-Z7-07S-Pmod-I2S2-2018.2-1/vivado_proj/Pmod-I2S2-Cora-Z7-07S.srcs/sources_1/imports/hdl/fir_filter.v:5]
WARNING: [Synth 8-689] width (24) of port connection 'm_axis_fir_tdata' does not match port width (52) of module 'FIR' [C:/Users/wands/Documents/Build18/Cora-Z7-07S-Pmod-I2S2-2018.2-1/vivado_proj/Pmod-I2S2-Cora-Z7-07S.srcs/sources_1/imports/hdl/axis_volume_controller.v:107]
ERROR: [Synth 8-685] variable 'y_n' should not be used in output port connection [C:/Users/wands/Documents/Build18/Cora-Z7-07S-Pmod-I2S2-2018.2-1/vivado_proj/Pmod-I2S2-Cora-Z7-07S.srcs/sources_1/imports/hdl/axis_volume_controller.v:107]
ERROR: [Synth 8-6156] failed synthesizing module 'axis_volume_controller' [C:/Users/wands/Documents/Build18/Cora-Z7-07S-Pmod-I2S2-2018.2-1/vivado_proj/Pmod-I2S2-Cora-Z7-07S.srcs/sources_1/imports/hdl/axis_volume_controller.v:21]
ERROR: [Synth 8-6156] failed synthesizing module 'top' [C:/Users/wands/Documents/Build18/Cora-Z7-07S-Pmod-I2S2-2018.2-1/vivado_proj/Pmod-I2S2-Cora-Z7-07S.srcs/sources_1/imports/hdl/top.v:20]
---------------------------------------------------------------------------------
Finished Synthesize : Time (s): cpu = 00:00:15 ; elapsed = 00:00:16 . Memory (MB): peak = 2467.281 ; gain = 9.273
---------------------------------------------------------------------------------
synthesize failed
INFO: [Common 17-83] Releasing license: Synthesis
10 Infos, 6 Warnings, 0 Critical Warnings and 3 Errors encountered.
synth_design completed successfully
synth_design: Time (s): cpu = 00:00:15 ; elapsed = 00:00:16 . Memory (MB): peak = 2467.281 ; gain = 9.273
ERROR: [Common 17-39] 'synth_design' failed due to earlier errors.
WARNING: [Vivado 12-4144] IP run clk_wiz_0_synth_1 is available but is out of date. Since the IP is locked, the synthesis checkpoint cannot be updated. The out-of-date checkpoint will be used and it may result in incorrect behavior.
Please select 'Report IP Status' from the 'Tools/Report' menu or run the Tcl command 'report_ip_status' for more information.
synth_design -top top -part xc7z007sclg400-1 -lint 
Command: synth_design -top top -part xc7z007sclg400-1 -lint
Starting synth_design
WARNING: [Vivado_Tcl 4-393] The 'Synthesis' target of the following IPs are stale, please generate the output products using the generate_target or synth_ip command before running synth_design.
C:/Users/wands/Documents/Build18/Cora-Z7-07S-Pmod-I2S2-2018.2-1/vivado_proj/Pmod-I2S2-Cora-Z7-07S.srcs/sources_1/ip/clk_wiz_0/clk_wiz_0.xci

WARNING: [Vivado_Tcl 4-393] The 'Implementation' target of the following IPs are stale, please generate the output products using the generate_target or synth_ip command before running synth_design.
C:/Users/wands/Documents/Build18/Cora-Z7-07S-Pmod-I2S2-2018.2-1/vivado_proj/Pmod-I2S2-Cora-Z7-07S.srcs/sources_1/ip/clk_wiz_0/clk_wiz_0.xci

Attempting to get a license for feature 'Synthesis' and/or device 'xc7z007s'
INFO: [Common 17-349] Got license for feature 'Synthesis' and/or device 'xc7z007s'
INFO: [Synth 8-7079] Multithreading enabled for synth_design using a maximum of 2 processes.
---------------------------------------------------------------------------------
Starting Synthesize : Time (s): cpu = 00:00:12 ; elapsed = 00:00:12 . Memory (MB): peak = 2475.098 ; gain = 7.816
---------------------------------------------------------------------------------
Clean up Linter database...
WARNING: [Synth 8-11065] parameter 'gamma' becomes localparam in 'LMS' with formal parameter declaration list [C:/Users/wands/Documents/Build18/Cora-Z7-07S-Pmod-I2S2-2018.2-1/vivado_proj/Pmod-I2S2-Cora-Z7-07S.srcs/sources_1/imports/hdl/lms.v:13]
INFO: [Synth 8-6157] synthesizing module 'top' [C:/Users/wands/Documents/Build18/Cora-Z7-07S-Pmod-I2S2-2018.2-1/vivado_proj/Pmod-I2S2-Cora-Z7-07S.srcs/sources_1/imports/hdl/top.v:20]
	Parameter NUMBER_OF_SWITCHES bound to: 1 - type: integer 
	Parameter RESET_POLARITY bound to: 1 - type: integer 
INFO: [Synth 8-638] synthesizing module 'clk_wiz_0' [C:/Users/wands/Documents/Build18/Cora-Z7-07S-Pmod-I2S2-2018.2-1/vivado_proj/.Xil/Vivado-16700-volatile_knight/realtime/clk_wiz_0_stub.vhdl:13]
INFO: [Synth 8-6157] synthesizing module 'axis_i2s2' [C:/Users/wands/Documents/Build18/Cora-Z7-07S-Pmod-I2S2-2018.2-1/vivado_proj/Pmod-I2S2-Cora-Z7-07S.srcs/sources_1/imports/hdl/axis_i2s2.v:24]
INFO: [Synth 8-6155] done synthesizing module 'axis_i2s2' (1#1) [C:/Users/wands/Documents/Build18/Cora-Z7-07S-Pmod-I2S2-2018.2-1/vivado_proj/Pmod-I2S2-Cora-Z7-07S.srcs/sources_1/imports/hdl/axis_i2s2.v:24]
WARNING: [Synth 8-689] width (24) of port connection 'tx_axis_s_data' does not match port width (32) of module 'axis_i2s2' [C:/Users/wands/Documents/Build18/Cora-Z7-07S-Pmod-I2S2-2018.2-1/vivado_proj/Pmod-I2S2-Cora-Z7-07S.srcs/sources_1/imports/hdl/top.v:72]
WARNING: [Synth 8-689] width (24) of port connection 'rx_axis_m_data' does not match port width (32) of module 'axis_i2s2' [C:/Users/wands/Documents/Build18/Cora-Z7-07S-Pmod-I2S2-2018.2-1/vivado_proj/Pmod-I2S2-Cora-Z7-07S.srcs/sources_1/imports/hdl/top.v:77]
INFO: [Synth 8-6157] synthesizing module 'axis_volume_controller' [C:/Users/wands/Documents/Build18/Cora-Z7-07S-Pmod-I2S2-2018.2-1/vivado_proj/Pmod-I2S2-Cora-Z7-07S.srcs/sources_1/imports/hdl/axis_volume_controller.v:21]
	Parameter SWITCH_WIDTH bound to: 1 - type: integer 
	Parameter DATA_WIDTH bound to: 24 - type: integer 
INFO: [Synth 8-6157] synthesizing module 'FIR' [C:/Users/wands/Documents/Build18/Cora-Z7-07S-Pmod-I2S2-2018.2-1/vivado_proj/Pmod-I2S2-Cora-Z7-07S.srcs/sources_1/imports/hdl/fir_filter.v:5]
INFO: [Synth 8-6155] done synthesizing module 'FIR' (2#1) [C:/Users/wands/Documents/Build18/Cora-Z7-07S-Pmod-I2S2-2018.2-1/vivado_proj/Pmod-I2S2-Cora-Z7-07S.srcs/sources_1/imports/hdl/fir_filter.v:5]
WARNING: [Synth 8-689] width (24) of port connection 'm_axis_fir_tdata' does not match port width (52) of module 'FIR' [C:/Users/wands/Documents/Build18/Cora-Z7-07S-Pmod-I2S2-2018.2-1/vivado_proj/Pmod-I2S2-Cora-Z7-07S.srcs/sources_1/imports/hdl/axis_volume_controller.v:107]
ERROR: [Synth 8-685] variable 'dont_care2' should not be used in output port connection [C:/Users/wands/Documents/Build18/Cora-Z7-07S-Pmod-I2S2-2018.2-1/vivado_proj/Pmod-I2S2-Cora-Z7-07S.srcs/sources_1/imports/hdl/axis_volume_controller.v:108]
ERROR: [Synth 8-6156] failed synthesizing module 'axis_volume_controller' [C:/Users/wands/Documents/Build18/Cora-Z7-07S-Pmod-I2S2-2018.2-1/vivado_proj/Pmod-I2S2-Cora-Z7-07S.srcs/sources_1/imports/hdl/axis_volume_controller.v:21]
ERROR: [Synth 8-6156] failed synthesizing module 'top' [C:/Users/wands/Documents/Build18/Cora-Z7-07S-Pmod-I2S2-2018.2-1/vivado_proj/Pmod-I2S2-Cora-Z7-07S.srcs/sources_1/imports/hdl/top.v:20]
---------------------------------------------------------------------------------
Finished Synthesize : Time (s): cpu = 00:00:16 ; elapsed = 00:00:16 . Memory (MB): peak = 2475.098 ; gain = 7.816
---------------------------------------------------------------------------------
synthesize failed
INFO: [Common 17-83] Releasing license: Synthesis
10 Infos, 6 Warnings, 0 Critical Warnings and 3 Errors encountered.
synth_design completed successfully
synth_design: Time (s): cpu = 00:00:17 ; elapsed = 00:00:17 . Memory (MB): peak = 2475.098 ; gain = 7.816
ERROR: [Common 17-39] 'synth_design' failed due to earlier errors.
WARNING: [Vivado 12-4144] IP run clk_wiz_0_synth_1 is available but is out of date. Since the IP is locked, the synthesis checkpoint cannot be updated. The out-of-date checkpoint will be used and it may result in incorrect behavior.
Please select 'Report IP Status' from the 'Tools/Report' menu or run the Tcl command 'report_ip_status' for more information.
synth_design -top top -part xc7z007sclg400-1 -lint 
Command: synth_design -top top -part xc7z007sclg400-1 -lint
Starting synth_design
WARNING: [Vivado_Tcl 4-393] The 'Synthesis' target of the following IPs are stale, please generate the output products using the generate_target or synth_ip command before running synth_design.
C:/Users/wands/Documents/Build18/Cora-Z7-07S-Pmod-I2S2-2018.2-1/vivado_proj/Pmod-I2S2-Cora-Z7-07S.srcs/sources_1/ip/clk_wiz_0/clk_wiz_0.xci

WARNING: [Vivado_Tcl 4-393] The 'Implementation' target of the following IPs are stale, please generate the output products using the generate_target or synth_ip command before running synth_design.
C:/Users/wands/Documents/Build18/Cora-Z7-07S-Pmod-I2S2-2018.2-1/vivado_proj/Pmod-I2S2-Cora-Z7-07S.srcs/sources_1/ip/clk_wiz_0/clk_wiz_0.xci

Attempting to get a license for feature 'Synthesis' and/or device 'xc7z007s'
INFO: [Common 17-349] Got license for feature 'Synthesis' and/or device 'xc7z007s'
INFO: [Synth 8-7079] Multithreading enabled for synth_design using a maximum of 2 processes.
---------------------------------------------------------------------------------
Starting Synthesize : Time (s): cpu = 00:00:12 ; elapsed = 00:00:12 . Memory (MB): peak = 2483.113 ; gain = 8.016
---------------------------------------------------------------------------------
Clean up Linter database...
WARNING: [Synth 8-11065] parameter 'gamma' becomes localparam in 'LMS' with formal parameter declaration list [C:/Users/wands/Documents/Build18/Cora-Z7-07S-Pmod-I2S2-2018.2-1/vivado_proj/Pmod-I2S2-Cora-Z7-07S.srcs/sources_1/imports/hdl/lms.v:13]
INFO: [Synth 8-6157] synthesizing module 'top' [C:/Users/wands/Documents/Build18/Cora-Z7-07S-Pmod-I2S2-2018.2-1/vivado_proj/Pmod-I2S2-Cora-Z7-07S.srcs/sources_1/imports/hdl/top.v:20]
	Parameter NUMBER_OF_SWITCHES bound to: 1 - type: integer 
	Parameter RESET_POLARITY bound to: 1 - type: integer 
INFO: [Synth 8-638] synthesizing module 'clk_wiz_0' [C:/Users/wands/Documents/Build18/Cora-Z7-07S-Pmod-I2S2-2018.2-1/vivado_proj/.Xil/Vivado-16700-volatile_knight/realtime/clk_wiz_0_stub.vhdl:13]
INFO: [Synth 8-6157] synthesizing module 'axis_i2s2' [C:/Users/wands/Documents/Build18/Cora-Z7-07S-Pmod-I2S2-2018.2-1/vivado_proj/Pmod-I2S2-Cora-Z7-07S.srcs/sources_1/imports/hdl/axis_i2s2.v:24]
INFO: [Synth 8-6155] done synthesizing module 'axis_i2s2' (1#1) [C:/Users/wands/Documents/Build18/Cora-Z7-07S-Pmod-I2S2-2018.2-1/vivado_proj/Pmod-I2S2-Cora-Z7-07S.srcs/sources_1/imports/hdl/axis_i2s2.v:24]
WARNING: [Synth 8-689] width (24) of port connection 'tx_axis_s_data' does not match port width (32) of module 'axis_i2s2' [C:/Users/wands/Documents/Build18/Cora-Z7-07S-Pmod-I2S2-2018.2-1/vivado_proj/Pmod-I2S2-Cora-Z7-07S.srcs/sources_1/imports/hdl/top.v:72]
WARNING: [Synth 8-689] width (24) of port connection 'rx_axis_m_data' does not match port width (32) of module 'axis_i2s2' [C:/Users/wands/Documents/Build18/Cora-Z7-07S-Pmod-I2S2-2018.2-1/vivado_proj/Pmod-I2S2-Cora-Z7-07S.srcs/sources_1/imports/hdl/top.v:77]
INFO: [Synth 8-6157] synthesizing module 'axis_volume_controller' [C:/Users/wands/Documents/Build18/Cora-Z7-07S-Pmod-I2S2-2018.2-1/vivado_proj/Pmod-I2S2-Cora-Z7-07S.srcs/sources_1/imports/hdl/axis_volume_controller.v:21]
	Parameter SWITCH_WIDTH bound to: 1 - type: integer 
	Parameter DATA_WIDTH bound to: 24 - type: integer 
INFO: [Synth 8-6157] synthesizing module 'FIR' [C:/Users/wands/Documents/Build18/Cora-Z7-07S-Pmod-I2S2-2018.2-1/vivado_proj/Pmod-I2S2-Cora-Z7-07S.srcs/sources_1/imports/hdl/fir_filter.v:5]
INFO: [Synth 8-6155] done synthesizing module 'FIR' (2#1) [C:/Users/wands/Documents/Build18/Cora-Z7-07S-Pmod-I2S2-2018.2-1/vivado_proj/Pmod-I2S2-Cora-Z7-07S.srcs/sources_1/imports/hdl/fir_filter.v:5]
WARNING: [Synth 8-689] width (24) of port connection 'm_axis_fir_tdata' does not match port width (52) of module 'FIR' [C:/Users/wands/Documents/Build18/Cora-Z7-07S-Pmod-I2S2-2018.2-1/vivado_proj/Pmod-I2S2-Cora-Z7-07S.srcs/sources_1/imports/hdl/axis_volume_controller.v:107]
WARNING: [Synth 8-7071] port 's_axis_fir_tvalid' of module 'FIR' is unconnected for instance 'fir' [C:/Users/wands/Documents/Build18/Cora-Z7-07S-Pmod-I2S2-2018.2-1/vivado_proj/Pmod-I2S2-Cora-Z7-07S.srcs/sources_1/imports/hdl/axis_volume_controller.v:102]
WARNING: [Synth 8-7071] port 'm_axis_fir_tready' of module 'FIR' is unconnected for instance 'fir' [C:/Users/wands/Documents/Build18/Cora-Z7-07S-Pmod-I2S2-2018.2-1/vivado_proj/Pmod-I2S2-Cora-Z7-07S.srcs/sources_1/imports/hdl/axis_volume_controller.v:102]
WARNING: [Synth 8-7071] port 'm_axis_fir_tvalid' of module 'FIR' is unconnected for instance 'fir' [C:/Users/wands/Documents/Build18/Cora-Z7-07S-Pmod-I2S2-2018.2-1/vivado_proj/Pmod-I2S2-Cora-Z7-07S.srcs/sources_1/imports/hdl/axis_volume_controller.v:102]
WARNING: [Synth 8-7071] port 's_axis_fir_tready' of module 'FIR' is unconnected for instance 'fir' [C:/Users/wands/Documents/Build18/Cora-Z7-07S-Pmod-I2S2-2018.2-1/vivado_proj/Pmod-I2S2-Cora-Z7-07S.srcs/sources_1/imports/hdl/axis_volume_controller.v:102]
WARNING: [Synth 8-7023] instance 'fir' of module 'FIR' has 14 connections declared, but only 10 given [C:/Users/wands/Documents/Build18/Cora-Z7-07S-Pmod-I2S2-2018.2-1/vivado_proj/Pmod-I2S2-Cora-Z7-07S.srcs/sources_1/imports/hdl/axis_volume_controller.v:102]
INFO: [Synth 8-6157] synthesizing module 'LMS' [C:/Users/wands/Documents/Build18/Cora-Z7-07S-Pmod-I2S2-2018.2-1/vivado_proj/Pmod-I2S2-Cora-Z7-07S.srcs/sources_1/imports/hdl/lms.v:1]
INFO: [Synth 8-6155] done synthesizing module 'LMS' (3#1) [C:/Users/wands/Documents/Build18/Cora-Z7-07S-Pmod-I2S2-2018.2-1/vivado_proj/Pmod-I2S2-Cora-Z7-07S.srcs/sources_1/imports/hdl/lms.v:1]
INFO: [Synth 8-6155] done synthesizing module 'axis_volume_controller' (4#1) [C:/Users/wands/Documents/Build18/Cora-Z7-07S-Pmod-I2S2-2018.2-1/vivado_proj/Pmod-I2S2-Cora-Z7-07S.srcs/sources_1/imports/hdl/axis_volume_controller.v:21]
INFO: [Synth 8-6155] done synthesizing module 'top' (5#1) [C:/Users/wands/Documents/Build18/Cora-Z7-07S-Pmod-I2S2-2018.2-1/vivado_proj/Pmod-I2S2-Cora-Z7-07S.srcs/sources_1/imports/hdl/top.v:20]
---------------------------------------------------------------------------------
Finished Synthesize : Time (s): cpu = 00:00:16 ; elapsed = 00:00:16 . Memory (MB): peak = 2488.738 ; gain = 13.641
---------------------------------------------------------------------------------
Copyright 1986-2022 Xilinx, Inc. All Rights Reserved. Copyright 2022-2025 Advanced Micro Devices, Inc. All Rights Reserved.
---------------------------------------------------------------------------------------------------------------------------------------------
| Tool Version : Vivado v.2025.2 (win64) Build 6299465 Fri Nov 14 19:35:11 GMT 2025
| Date         : Thu Jan 15 21:16:05 2026
| Host         : volatile_knight running 64-bit major release  (build 9200)
---------------------------------------------------------------------------------------------------------------------------------------------

RTL Linter Report

Table of Contents
-----------------
1. Summary

1. Summary
----------

+-----------+------------------+--------------+----------+
| Rule ID   | Severity         | # Violations | # Waived |
+-----------+------------------+--------------+----------+
| ASSIGN-2  | CRITICAL WARNING | 4            | 0        |
| ASSIGN-3  | CRITICAL WARNING | 1            | 0        |
| ASSIGN-6  | WARNING          | 2            | 0        |
| ASSIGN-10 | WARNING          | 1            | 0        |
| ASSIGN-12 | WARNING          | 2            | 0        |
+-----------+------------------+--------------+----------+


CRITICAL WARNING: [Synth 37-81] [ASSIGN-2]Operator '*' in expression '($signed(data[0]) * multiplier)' has mixed signed and unsigned types on its operands, the result will be unsigned.
Hierarchy 'axis_volume_controller', File C:/Users/wands/Documents/Build18/Cora-Z7-07S-Pmod-I2S2-2018.2-1/vivado_proj/Pmod-I2S2-Cora-Z7-07S.srcs/sources_1/imports/hdl/axis_volume_controller.v, Line 152
CRITICAL WARNING: [Synth 37-81] [ASSIGN-2]Operator '*' in expression '($signed(data[1]) * multiplier)' has mixed signed and unsigned types on its operands, the result will be unsigned.
Hierarchy 'axis_volume_controller', File C:/Users/wands/Documents/Build18/Cora-Z7-07S-Pmod-I2S2-2018.2-1/vivado_proj/Pmod-I2S2-Cora-Z7-07S.srcs/sources_1/imports/hdl/axis_volume_controller.v, Line 153
WARNING: [Synth 37-93] [ASSIGN-6]Signal 'dont_care' was assigned but not read. 
RTL Name 'dont_care', Hierarchy 'axis_volume_controller', File 'C:/Users/wands/Documents/Build18/Cora-Z7-07S-Pmod-I2S2-2018.2-1/vivado_proj/Pmod-I2S2-Cora-Z7-07S.srcs/sources_1/imports/hdl/axis_volume_controller.v', Line 95.
WARNING: [Synth 37-93] [ASSIGN-6]Signal 'dont_care2' was assigned but not read. 
RTL Name 'dont_care2', Hierarchy 'axis_volume_controller', File 'C:/Users/wands/Documents/Build18/Cora-Z7-07S-Pmod-I2S2-2018.2-1/vivado_proj/Pmod-I2S2-Cora-Z7-07S.srcs/sources_1/imports/hdl/axis_volume_controller.v', Line 96.
WARNING: [Synth 37-125] [ASSIGN-10]Some bits in IO 's_axis_data' are not read. First unread bit index is 0. 
RTL Name 's_axis_data', Hierarchy 'axis_volume_controller', File 'axis_volume_controller.v', Line 30.
WARNING: [Synth 37-135] [ASSIGN-12]Unconnected input ports found on instance 'fir', port name is 's_axis_fir_tvalid'. 
Hierarchy 'axis_volume_controller', File 'C:/Users/wands/Documents/Build18/Cora-Z7-07S-Pmod-I2S2-2018.2-1/vivado_proj/Pmod-I2S2-Cora-Z7-07S.srcs/sources_1/imports/hdl/axis_volume_controller.v', Line 102.
WARNING: [Synth 37-135] [ASSIGN-12]Unconnected input ports found on instance 'fir', port name is 'm_axis_fir_tready'. 
Hierarchy 'axis_volume_controller', File 'C:/Users/wands/Documents/Build18/Cora-Z7-07S-Pmod-I2S2-2018.2-1/vivado_proj/Pmod-I2S2-Cora-Z7-07S.srcs/sources_1/imports/hdl/axis_volume_controller.v', Line 102.
CRITICAL WARNING: [Synth 37-81] [ASSIGN-2]Operator '*' in expression '(wn[i] + ((gamma * (err * buff_array[(i * INPUT_WIDTH) +: INPUT_WIDTH])) >>> INPUT_WIDTH))' has mixed signed and unsigned types on its operands, the result will be unsigned.
Hierarchy 'LMS', File C:/Users/wands/Documents/Build18/Cora-Z7-07S-Pmod-I2S2-2018.2-1/vivado_proj/Pmod-I2S2-Cora-Z7-07S.srcs/sources_1/imports/hdl/lms.v, Line 32
CRITICAL WARNING: [Synth 37-81] [ASSIGN-2]Operator '+' in expression '(wn[i] + ((gamma * (err * buff_array[(i * INPUT_WIDTH) +: INPUT_WIDTH])) >>> INPUT_WIDTH))' has mixed signed and unsigned types on its operands, the result will be unsigned.
Hierarchy 'LMS', File C:/Users/wands/Documents/Build18/Cora-Z7-07S-Pmod-I2S2-2018.2-1/vivado_proj/Pmod-I2S2-Cora-Z7-07S.srcs/sources_1/imports/hdl/lms.v, Line 32
CRITICAL WARNING: [Synth 37-92] [ASSIGN-3]Right-hand side of operator >>> in expression ((gamma * (err * buff_array[(i * INPUT_WIDTH) +: INPUT_WIDTH])) >>> INPUT_WIDTH) exceeds the range of left-hand side.LHS width: 24, RHS value: 24.
RTL Name '>>>', Hierarchy 'LMS', File 'C:/Users/wands/Documents/Build18/Cora-Z7-07S-Pmod-I2S2-2018.2-1/vivado_proj/Pmod-I2S2-Cora-Z7-07S.srcs/sources_1/imports/hdl/lms.v', Line 32
INFO: [Synth 37-85] Total of 10 linter message(s) generated.
INFO: [Synth 37-45] Linter Run Finished!
Synthesis Optimization Runtime : Time (s): cpu = 00:00:16 ; elapsed = 00:00:16 . Memory (MB): peak = 2488.738 ; gain = 13.641
INFO: [Common 17-83] Releasing license: Synthesis
16 Infos, 16 Warnings, 5 Critical Warnings and 0 Errors encountered.
synth_design completed successfully
synth_design: Time (s): cpu = 00:00:16 ; elapsed = 00:00:16 . Memory (MB): peak = 2488.738 ; gain = 13.641
launch_runs synth_1 -jobs 6
[Thu Jan 15 21:16:09 2026] Launched synth_1...
Run output will be captured here: C:/Users/wands/Documents/Build18/Cora-Z7-07S-Pmod-I2S2-2018.2-1/vivado_proj/Pmod-I2S2-Cora-Z7-07S.runs/synth_1/runme.log
launch_runs impl_1 -jobs 6
[Thu Jan 15 21:18:15 2026] Launched impl_1...
Run output will be captured here: C:/Users/wands/Documents/Build18/Cora-Z7-07S-Pmod-I2S2-2018.2-1/vivado_proj/Pmod-I2S2-Cora-Z7-07S.runs/impl_1/runme.log
launch_runs impl_1 -to_step write_bitstream -jobs 6
[Thu Jan 15 21:20:28 2026] Launched impl_1...
Run output will be captured here: C:/Users/wands/Documents/Build18/Cora-Z7-07S-Pmod-I2S2-2018.2-1/vivado_proj/Pmod-I2S2-Cora-Z7-07S.runs/impl_1/runme.log
set_property PROBES.FILE {} [get_hw_devices xc7z007s_1]
set_property FULL_PROBES.FILE {} [get_hw_devices xc7z007s_1]
set_property PROGRAM.FILE {C:/Users/wands/Documents/Build18/Cora-Z7-07S-Pmod-I2S2-2018.2-1/vivado_proj/Pmod-I2S2-Cora-Z7-07S.runs/impl_1/top.bit} [get_hw_devices xc7z007s_1]
program_hw_devices [get_hw_devices xc7z007s_1]
INFO: [Labtools 27-3164] End of startup status: HIGH
refresh_hw_device [lindex [get_hw_devices xc7z007s_1] 0]
INFO: [Labtools 27-1434] Device xc7z007s (JTAG device index = 1) is programmed with a design that has no supported soft debug core(s) in it.
exit
INFO: [Common 17-206] Exiting Vivado at Thu Jan 15 21:28:30 2026...
